src/components/AdvancedManagementDashboard.tsx(10,3): error TS6133: 'Clock' is declared but its value is never read.
src/components/AdvancedManagementDashboard.tsx(19,3): error TS6133: 'ArrowDownRight' is declared but its value is never read.
src/components/AdvancedManagementDashboard.tsx(23,3): error TS6133: 'Filter' is declared but its value is never read.
src/components/AdvancedManagementDashboard.tsx(24,3): error TS6133: 'Download' is declared but its value is never read.
src/components/AdvancedManagementDashboard.tsx(25,3): error TS6133: 'Upload' is declared but its value is never read.
src/components/AdvancedManagementDashboard.tsx(27,3): error TS6133: 'Eye' is declared but its value is never read.
src/components/AdvancedManagementDashboard.tsx(30,3): error TS6133: 'Calendar' is declared but its value is never read.
src/components/AdvancedManagementDashboard.tsx(31,3): error TS6133: 'Map' is declared but its value is never read.
src/components/AdvancedManagementDashboard.tsx(35,3): error TS6133: 'Wrench' is declared but its value is never read.
src/components/AdvancedManagementDashboard.tsx(150,5): error TS6133: 'requestDashboardData' is declared but its value is never read.
src/components/AdvancedManagementDashboard.tsx(151,22): error TS6133: 'isWsAuthenticated' is declared but its value is never read.
src/components/AdvancedManagementDashboard.tsx(233,13): error TS7030: Not all code paths return a value.
src/components/AdvancedReportingSystem.tsx(1,8): error TS6133: 'React' is declared but its value is never read.
src/components/AdvancedReportingSystem.tsx(5,3): error TS6133: 'Filter' is declared but its value is never read.
src/components/AdvancedReportingSystem.tsx(6,3): error TS6133: 'Calendar' is declared but its value is never read.
src/components/AdvancedReportingSystem.tsx(8,3): error TS6133: 'PieChart' is declared but its value is never read.
src/components/AdvancedReportingSystem.tsx(9,3): error TS6133: 'LineChart' is declared but its value is never read.
src/components/AdvancedReportingSystem.tsx(11,3): error TS6133: 'Users' is declared but its value is never read.
src/components/AdvancedReportingSystem.tsx(13,3): error TS6133: 'Package' is declared but its value is never read.
src/components/AdvancedReportingSystem.tsx(14,3): error TS6133: 'Sprout' is declared but its value is never read.
src/components/AdvancedReportingSystem.tsx(18,3): error TS6133: 'Award' is declared but its value is never read.
src/components/AdvancedReportingSystem.tsx(23,3): error TS6133: 'Printer' is declared but its value is never read.
src/components/AdvancedReportingSystem.tsx(24,3): error TS6133: 'Mail' is declared but its value is never read.
src/components/AdvancedReportingSystem.tsx(25,15): error TS6133: 'CalendarIcon' is declared but its value is never read.
src/components/AdvancedReportingSystem.tsx(26,3): error TS6133: 'FileSpreadsheet' is declared but its value is never read.
src/components/AdvancedReportingSystem.tsx(27,3): error TS6133: 'FileImage' is declared but its value is never read.
src/components/AdvancedReportingSystem.tsx(29,3): error TS6133: 'AlertTriangle' is declared but its value is never read.
src/components/AdvancedReportingSystem.tsx(30,3): error TS6133: 'Info' is declared but its value is never read.
src/components/AdvancedReportingSystem.tsx(31,3): error TS6133: 'Zap' is declared but its value is never read.
src/components/AdvancedReportingSystem.tsx(32,3): error TS6133: 'Star' is declared but its value is never read.
src/components/AdvancedReportingSystem.tsx(366,45): error TS2345: Argument of type 'unknown' is not assignable to parameter of type 'SetStateAction<"analytics" | "templates" | "generate" | "history">'.
src/components/AdvancedReportingSystem.tsx(386,25): error TS2322: Type '{ children: Element[]; defaultValue: string; }' is not assignable to type 'IntrinsicAttributes & SelectProps'.
  Property 'defaultValue' does not exist on type 'IntrinsicAttributes & SelectProps'.
src/components/AdvancedReportingSystem.tsx(497,31): error TS2322: Type '{ children: Element[]; defaultValue: string; onValueChange: (value: string) => void; }' is not assignable to type 'IntrinsicAttributes & SelectProps'.
  Property 'defaultValue' does not exist on type 'IntrinsicAttributes & SelectProps'.
src/components/AdvancedReportingSystem.tsx(584,25): error TS2322: Type '(value: "pdf" | "excel" | "csv") => void' is not assignable to type '(value: string) => void'.
  Types of parameters 'value' and 'value' are incompatible.
    Type 'string' is not assignable to type '"pdf" | "excel" | "csv"'.
src/components/AdvancedReportingSystem.tsx(702,25): error TS2322: Type '{ children: Element[]; defaultValue: string; }' is not assignable to type 'IntrinsicAttributes & SelectProps'.
  Property 'defaultValue' does not exist on type 'IntrinsicAttributes & SelectProps'.
src/components/AdvancedReportingSystem.tsx(853,65): error TS6133: 'index' is declared but its value is never read.
src/components/AIAnalyticsDashboard.tsx(6,3): error TS6133: 'TrendingDown' is declared but its value is never read.
src/components/AIAnalyticsDashboard.tsx(16,3): error TS6133: 'PieChart' is declared but its value is never read.
src/components/AIAnalyticsDashboard.tsx(17,3): error TS6133: 'LineChart' is declared but its value is never read.
src/components/AIAnalyticsDashboard.tsx(18,3): error TS6133: 'Calendar' is declared but its value is never read.
src/components/AIAnalyticsDashboard.tsx(19,3): error TS6133: 'AlertTriangle' is declared but its value is never read.
src/components/AIAnalyticsDashboard.tsx(23,3): error TS6133: 'Filter' is declared but its value is never read.
src/components/AIAnalyticsDashboard.tsx(24,3): error TS6133: 'Settings' is declared but its value is never read.
src/components/AIAnalyticsDashboard.tsx(30,3): error TS6133: 'Beaker' is declared but its value is never read.
src/components/AIAnalyticsDashboard.tsx(32,3): error TS6133: 'Sun' is declared but its value is never read.
src/components/AIAnalyticsDashboard.tsx(38,3): error TS6133: 'Star' is declared but its value is never read.
src/components/AIAnalyticsDashboard.tsx(85,21): error TS6133: 'setTimeframe' is declared but its value is never read.
src/components/AIAnalyticsDashboard.tsx(338,44): error TS2345: Argument of type 'unknown' is not assignable to parameter of type 'SetStateAction<"optimization" | "comprehensive" | "predictive" | "trends" | "roi" | "efficiency">'.
src/components/AIAnalyticsDashboard.tsx(472,15): error TS2322: Type 'unknown' is not assignable to type 'ReactNode'.
src/components/AIAnalyticsDashboard.tsx(473,15): error TS2322: Type 'unknown' is not assignable to type 'ReactNode'.
src/components/AIAnalyticsDashboard.tsx(486,99): error TS2339: Property 'performance_score' does not exist on type '{}'.
src/components/AIAnalyticsDashboard.tsx(488,62): error TS2339: Property 'performance_score' does not exist on type '{}'.
src/components/AIAnalyticsDashboard.tsx(494,62): error TS2339: Property 'overview' does not exist on type '{}'.
src/components/AIAnalyticsDashboard.tsx(495,64): error TS18046: 'a' is of type 'unknown'.
src/components/AIAnalyticsDashboard.tsx(504,65): error TS2339: Property 'overview' does not exist on type '{}'.
src/components/AIAnalyticsDashboard.tsx(505,66): error TS18046: 'a' is of type 'unknown'.
src/components/AIAnalyticsDashboard.tsx(508,66): error TS2339: Property 'overview' does not exist on type '{}'.
src/components/AIAnalyticsDashboard.tsx(509,68): error TS18046: 'a' is of type 'unknown'.
src/components/AIAnalyticsDashboard.tsx(522,15): error TS2322: Type 'unknown' is not assignable to type 'ReactNode'.
src/components/AIAnalyticsDashboard.tsx(536,97): error TS2339: Property 'performance_score' does not exist on type '{}'.
src/components/AIAnalyticsDashboard.tsx(538,60): error TS2339: Property 'performance_score' does not exist on type '{}'.
src/components/AIAnalyticsDashboard.tsx(544,60): error TS2339: Property 'overview' does not exist on type '{}'.
src/components/AIAnalyticsDashboard.tsx(545,64): error TS18046: 'c' is of type 'unknown'.
src/components/AIAnalyticsDashboard.tsx(554,61): error TS2339: Property 'yield_performance' does not exist on type '{}'.
src/components/AIAnalyticsDashboard.tsx(555,67): error TS18046: 'y' is of type 'unknown'.
src/components/AIAnalyticsDashboard.tsx(557,66): error TS2339: Property 'yield_performance' does not exist on type '{}'.
src/components/AIAnalyticsDashboard.tsx(582,99): error TS2339: Property 'performance_score' does not exist on type '{}'.
src/components/AIAnalyticsDashboard.tsx(584,62): error TS2339: Property 'performance_score' does not exist on type '{}'.
src/components/AIAnalyticsDashboard.tsx(591,64): error TS2339: Property 'overview' does not exist on type '{}'.
src/components/AIAnalyticsDashboard.tsx(598,63): error TS2339: Property 'overview' does not exist on type '{}'.
src/components/AIAnalyticsDashboard.tsx(607,63): error TS2339: Property 'overview' does not exist on type '{}'.
src/components/AIAnalyticsDashboard.tsx(640,77): error TS18046: 'rec' is of type 'unknown'.
src/components/AIAnalyticsDashboard.tsx(641,70): error TS18046: 'rec' is of type 'unknown'.
src/components/AIAnalyticsDashboard.tsx(644,32): error TS18046: 'rec' is of type 'unknown'.
src/components/AIAnalyticsDashboard.tsx(646,73): error TS18046: 'rec' is of type 'unknown'.
src/components/AIAnalyticsDashboard.tsx(682,62): error TS2339: Property 'overview' does not exist on type '{}'.
src/components/AIAnalyticsDashboard.tsx(692,62): error TS2339: Property 'overview' does not exist on type '{}'.
src/components/AIAnalyticsDashboard.tsx(701,72): error TS2339: Property 'overview' does not exist on type '{}'.
src/components/AIAnalyticsDashboard.tsx(713,63): error TS2339: Property 'performance_score' does not exist on type '{}'.
src/components/AIAnalyticsDashboard.tsx(720,59): error TS2339: Property 'performance_score' does not exist on type '{}'.
src/components/AIAnalyticsDashboard.tsx(727,60): error TS2339: Property 'performance_score' does not exist on type '{}'.
src/components/AIAnalyticsDashboard.tsx(749,58): error TS6133: 'value' is declared but its value is never read.
src/components/AIAnalyticsDashboard.tsx(778,60): error TS6133: 'value' is declared but its value is never read.
src/components/AnimalAnalyticsDashboard.tsx(1,8): error TS6133: 'React' is declared but its value is never read.
src/components/AnimalAnalyticsDashboard.tsx(213,63): error TS18046: 'species' is of type 'unknown'.
src/components/AnimalAnalyticsDashboard.tsx(216,64): error TS18046: 'species' is of type 'unknown'.
src/components/AnimalAnalyticsDashboard.tsx(218,23): error TS18046: 'species' is of type 'unknown'.
src/components/AnimalAnalyticsDashboard.tsx(218,61): error TS18046: 'species' is of type 'unknown'.
src/components/AnimalAnalyticsDashboard.tsx(239,61): error TS18046: 'animal' is of type 'unknown'.
src/components/AnimalAnalyticsDashboard.tsx(241,22): error TS18046: 'animal' is of type 'unknown'.
src/components/AnimalAnalyticsDashboard.tsx(241,41): error TS18046: 'animal' is of type 'unknown'.
src/components/AnimalAnalyticsDashboard.tsx(246,22): error TS18046: 'animal' is of type 'unknown'.
src/components/AnimalAnalyticsDashboard.tsx(246,42): error TS18046: 'animal' is of type 'unknown'.
src/components/AnimalAnalyticsDashboard.tsx(277,62): error TS18046: 'e' is of type 'unknown'.
src/components/AnimalAnalyticsDashboard.tsx(283,62): error TS18046: 'e' is of type 'unknown'.
src/components/AnimalAnalyticsDashboard.tsx(344,20): error TS18046: 'event' is of type 'unknown'.
src/components/AnimalAnalyticsDashboard.tsx(345,20): error TS18046: 'event' is of type 'unknown'.
src/components/AnimalAnalyticsDashboard.tsx(346,20): error TS18046: 'event' is of type 'unknown'.
src/components/AnimalAnalyticsDashboard.tsx(348,63): error TS18046: 'event' is of type 'unknown'.
src/components/AnimalAnalyticsDashboard.tsx(349,59): error TS18046: 'event' is of type 'unknown'.
src/components/AnimalAnalyticsDashboard.tsx(354,31): error TS18046: 'event' is of type 'unknown'.
src/components/AnimalAnalyticsDashboard.tsx(356,68): error TS18046: 'event' is of type 'unknown'.
src/components/AnimalBreedingManager.tsx(122,26): error TS2339: Property 'id' does not exist on type 'unknown'.
src/components/AnimalBreedingManager.tsx(122,33): error TS2700: Rest types may only be created from object types.
src/components/AnimalBreedingManager.tsx(326,17): error TS6133: 'gestationDays' is declared but its value is never read.
src/components/AnimalBreedingManager.tsx(512,39): error TS2698: Spread types may only be created from object types.
src/components/AnimalBreedingManager.tsx(579,19): error TS2345: Argument of type '(prev: { breeding_date: string | undefined; sire_id: string | number; breeding_type: string; breeding_fee: string | number; expected_calving_date: string; actual_calving_date: string; breeding_result: string; offspring_count: string | number; breeding_notes: string; vet_supervision: boolean; }) => { ...; }' is not assignable to parameter of type 'SetStateAction<{ breeding_date: string | undefined; sire_id: string | number; breeding_type: string; breeding_fee: string | number; expected_calving_date: string; actual_calving_date: string; breeding_result: string; offspring_count: string | number; breeding_notes: string; vet_supervision: boolean; }>'.
  Type '(prev: { breeding_date: string | undefined; sire_id: string | number; breeding_type: string; breeding_fee: string | number; expected_calving_date: string; actual_calving_date: string; breeding_result: string; offspring_count: string | number; breeding_notes: string; vet_supervision: boolean; }) => { ...; }' is not assignable to type '(prevState: { breeding_date: string | undefined; sire_id: string | number; breeding_type: string; breeding_fee: string | number; expected_calving_date: string; actual_calving_date: string; breeding_result: string; offspring_count: string | number; breeding_notes: string; vet_supervision: boolean; }) => { ...; }'.
    Call signature return types '{ expected_calving_date: string | undefined; breeding_date: string | undefined; sire_id: string | number; breeding_type: string; breeding_fee: string | number; actual_calving_date: string; breeding_result: string; offspring_count: string | number; breeding_notes: string; vet_supervision: boolean; }' and '{ breeding_date: string | undefined; sire_id: string | number; breeding_type: string; breeding_fee: string | number; expected_calving_date: string; actual_calving_date: string; breeding_result: string; offspring_count: string | number; breeding_notes: string; vet_supervision: boolean; }' are incompatible.
      The types of 'expected_calving_date' are incompatible between these types.
        Type 'string | undefined' is not assignable to type 'string'.
          Type 'undefined' is not assignable to type 'string'.
src/components/AnimalBreedingManager.tsx(655,34): error TS18046: 'animal' is of type 'unknown'.
src/components/AnimalBreedingManager.tsx(655,52): error TS18046: 'animal' is of type 'unknown'.
src/components/AnimalBreedingManager.tsx(656,24): error TS18046: 'animal' is of type 'unknown'.
src/components/AnimalBreedingManager.tsx(656,39): error TS18046: 'animal' is of type 'unknown'.
src/components/AnimalBreedingManager.tsx(656,58): error TS18046: 'animal' is of type 'unknown'.
src/components/AnimalForm.tsx(51,5): error TS2322: Type 'string | undefined' is not assignable to type 'string'.
  Type 'undefined' is not assignable to type 'string'.
src/components/AnimalForm.tsx(84,24): error TS2339: Property 'id' does not exist on type 'Partial<CreateAnimalForm>'.
src/components/AnimalForm.tsx(282,20): error TS2375: Type '{ children: Element[]; value: "active" | "sold" | "deceased" | undefined; onValueChange: (value: string) => void; }' is not assignable to type 'SelectProps' with 'exactOptionalPropertyTypes: true'. Consider adding 'undefined' to the types of the target's properties.
  Types of property 'value' are incompatible.
    Type 'string | undefined' is not assignable to type 'string'.
      Type 'undefined' is not assignable to type 'string'.
src/components/AnimalForm.tsx(378,52): error TS2339: Property 'id' does not exist on type 'Partial<CreateAnimalForm>'.
src/components/AnimalHealthManager.tsx(93,26): error TS2339: Property 'id' does not exist on type 'unknown'.
src/components/AnimalHealthManager.tsx(93,33): error TS2700: Rest types may only be created from object types.
src/components/AnimalHealthManager.tsx(371,39): error TS2698: Spread types may only be created from object types.
src/components/AnimalProductionTracker.tsx(142,26): error TS2339: Property 'id' does not exist on type 'unknown'.
src/components/AnimalProductionTracker.tsx(142,33): error TS2700: Rest types may only be created from object types.
src/components/AnimalProductionTracker.tsx(453,10): error TS2375: Type '{ record: ProductionRecord | null; productionType: string | undefined; onClose: () => void; onSubmit: (data: unknown) => void; isLoading: boolean; }' is not assignable to type 'ProductionRecordModalProps' with 'exactOptionalPropertyTypes: true'. Consider adding 'undefined' to the types of the target's properties.
  Types of property 'productionType' are incompatible.
    Type 'string | undefined' is not assignable to type 'string'.
      Type 'undefined' is not assignable to type 'string'.
src/components/AnimalProductionTracker.tsx(462,39): error TS2698: Spread types may only be created from object types.
src/components/CropPlanning.tsx(9,3): error TS6133: 'Calendar' is declared but its value is never read.
src/components/CropPlanning.tsx(13,3): error TS6133: 'CheckCircle' is declared but its value is never read.
src/components/CropRotationPlanner.tsx(3,10): error TS6133: 'useRotation' is declared but its value is never read.
src/components/CropRotationPlanner.tsx(13,3): error TS6133: 'Minus' is declared but its value is never read.
src/components/CropRotationPlanner.tsx(46,44): error TS2339: Property 'createRotationPlan' does not exist on type '{ rotationPlans: RotationPlan[]; isLoading: boolean; error: Error | null; refetch: (options?: RefetchOptions | undefined) => Promise<QueryObserverResult<RotationPlan[], Error>>; }'.
src/components/CropRotationPlanner.tsx(46,64): error TS2339: Property 'isCreating' does not exist on type '{ rotationPlans: RotationPlan[]; isLoading: boolean; error: Error | null; refetch: (options?: RefetchOptions | undefined) => Promise<QueryObserverResult<RotationPlan[], Error>>; }'.
src/components/CropRotationPlanner.tsx(79,61): error TS18046: 'crop' is of type 'unknown'.
src/components/CropRotationPlanner.tsx(99,60): error TS18046: 'crop' is of type 'unknown'.
src/components/CropRotationPlanner.tsx(105,59): error TS18046: 'crop' is of type 'unknown'.
src/components/CropRotationPlanner.tsx(128,20): error TS18048: 'randomRotation' is possibly 'undefined'.
src/components/CropRotationPlanner.tsx(128,39): error TS18048: 'randomRotation' is possibly 'undefined'.
src/components/CropRotationPlanner.tsx(217,32): error TS18046: 'field' is of type 'unknown'.
src/components/CropRotationPlanner.tsx(217,49): error TS18046: 'field' is of type 'unknown'.
src/components/CropRotationPlanner.tsx(218,22): error TS18046: 'field' is of type 'unknown'.
src/components/dashboard/CropCard.tsx(1,8): error TS6133: 'React' is declared but its value is never read.
src/components/dashboard/CropCard.tsx(4,26): error TS6133: 'CheckCircle' is declared but its value is never read.
src/components/dashboard/CropCard.tsx(4,39): error TS6133: 'AlertCircle' is declared but its value is never read.
src/components/dashboard/DashboardRouter.tsx(32,5): error TS2322: Type 'LucideIcon' is not assignable to type 'ComponentType<unknown>'.
  Type 'ForwardRefExoticComponent<LucideProps>' is not assignable to type 'FunctionComponent<unknown>'.
    Types of parameters 'props' and 'props' are incompatible.
      Type 'unknown' is not assignable to type 'LucideProps'.
src/components/dashboard/DashboardRouter.tsx(39,5): error TS2322: Type 'LucideIcon' is not assignable to type 'ComponentType<unknown>'.
  Type 'ForwardRefExoticComponent<LucideProps>' is not assignable to type 'FunctionComponent<unknown>'.
    Types of parameters 'props' and 'props' are incompatible.
      Type 'unknown' is not assignable to type 'LucideProps'.
src/components/dashboard/DashboardRouter.tsx(47,5): error TS2322: Type 'LucideIcon' is not assignable to type 'ComponentType<unknown>'.
  Type 'ForwardRefExoticComponent<LucideProps>' is not assignable to type 'FunctionComponent<unknown>'.
    Types of parameters 'props' and 'props' are incompatible.
      Type 'unknown' is not assignable to type 'LucideProps'.
src/components/dashboard/DashboardRouter.tsx(55,5): error TS2322: Type 'LucideIcon' is not assignable to type 'ComponentType<unknown>'.
  Type 'ForwardRefExoticComponent<LucideProps>' is not assignable to type 'FunctionComponent<unknown>'.
    Types of parameters 'props' and 'props' are incompatible.
      Type 'unknown' is not assignable to type 'LucideProps'.
src/components/dashboard/DashboardRouter.tsx(56,5): error TS2322: Type '({ farmId }: AnimalAnalyticsDashboardProps) => Element' is not assignable to type 'ComponentType<unknown>'.
  Type '({ farmId }: AnimalAnalyticsDashboardProps) => Element' is not assignable to type 'FunctionComponent<unknown>'.
    Types of parameters '__0' and 'props' are incompatible.
      Type 'unknown' is not assignable to type 'AnimalAnalyticsDashboardProps'.
src/components/dashboard/DashboardRouter.tsx(118,23): error TS2322: Type '{ className: string; }' is not assignable to type 'IntrinsicAttributes'.
  Property 'className' does not exist on type 'IntrinsicAttributes'.
src/components/dashboard/DashboardRouter.tsx(146,15): error TS2322: Type '{ farmId: string; key: DashboardView; }' is not assignable to type 'IntrinsicAttributes'.
  Property 'farmId' does not exist on type 'IntrinsicAttributes'.
src/components/EnhancedFarmCalendar.tsx(1,36): error TS6133: 'useEffect' is declared but its value is never read.
src/components/EnhancedFarmCalendar.tsx(7,3): error TS6133: 'Filter' is declared but its value is never read.
src/components/EnhancedFarmCalendar.tsx(8,3): error TS6133: 'Bell' is declared but its value is never read.
src/components/EnhancedFarmCalendar.tsx(9,3): error TS6133: 'Clock' is declared but its value is never read.
src/components/EnhancedFarmCalendar.tsx(10,3): error TS6133: 'MapPin' is declared but its value is never read.
src/components/EnhancedFarmCalendar.tsx(18,3): error TS6133: 'Zap' is declared but its value is never read.
src/components/EnhancedFarmCalendar.tsx(21,3): error TS6133: 'Lightbulb' is declared but its value is never read.
src/components/EnhancedFarmCalendar.tsx(22,3): error TS6133: 'Download' is declared but its value is never read.
src/components/EnhancedFarmCalendar.tsx(23,3): error TS6133: 'Share' is declared but its value is never read.
src/components/EnhancedFarmCalendar.tsx(26,3): error TS6133: 'CheckCircle' is declared but its value is never read.
src/components/EnhancedFarmCalendar.tsx(27,3): error TS6133: 'X' is declared but its value is never read.
src/components/EnhancedFarmCalendar.tsx(28,3): error TS6133: 'Settings' is declared but its value is never read.
src/components/EnhancedFarmCalendar.tsx(31,3): error TS6133: 'Timer' is declared but its value is never read.
src/components/EnhancedFarmCalendar.tsx(33,3): error TS6133: 'TrendingDown' is declared but its value is never read.
src/components/EnhancedFarmCalendar.tsx(34,3): error TS6133: 'User' is declared but its value is never read.
src/components/EnhancedFarmCalendar.tsx(35,3): error TS6133: 'Briefcase' is declared but its value is never read.
src/components/EnhancedFarmCalendar.tsx(36,3): error TS6133: 'Home' is declared but its value is never read.
src/components/EnhancedFarmCalendar.tsx(37,3): error TS6133: 'Plane' is declared but its value is never read.
src/components/EnhancedFarmCalendar.tsx(40,3): error TS6133: 'ChevronDown' is declared but its value is never read.
src/components/EnhancedFarmCalendar.tsx(42,1): error TS6192: All imports in import declaration are unused.
src/components/EnhancedFarmCalendar.tsx(45,1): error TS6133: 'Input' is declared but its value is never read.
src/components/EnhancedFarmCalendar.tsx(54,1): error TS6133: 'Select' is declared but its value is never read.
src/components/EnhancedFarmCalendar.tsx(118,3): error TS6133: 'farmId' is declared but its value is never read.
src/components/EnhancedFarmCalendar.tsx(119,3): error TS6133: 'onEventClick' is declared but its value is never read.
src/components/EnhancedFarmCalendar.tsx(131,10): error TS6133: 'smartSuggestions' is declared but its value is never read.
src/components/EnhancedFarmCalendar.tsx(131,28): error TS6133: 'setSmartSuggestions' is declared but its value is never read.
src/components/EnhancedFarmCalendar.tsx(132,10): error TS6133: 'conflictDetection' is declared but its value is never read.
src/components/EnhancedFarmCalendar.tsx(132,29): error TS6133: 'setConflictDetection' is declared but its value is never read.
src/components/EnhancedFarmCalendar.tsx(134,10): error TS6133: 'selectedEvent' is declared but its value is never read.
src/components/EnhancedFarmCalendar.tsx(286,85): error TS2345: Argument of type 'string | undefined' is not assignable to parameter of type 'string'.
  Type 'undefined' is not assignable to type 'string'.
src/components/EnhancedFarmCalendar.tsx(372,11): error TS2375: Type '{ id: string; title: string; date: string; type: any; priority: any; description: string; status: "pending"; estimatedDuration: number; aiRecommended: boolean; resources: string[]; isRecurring: boolean; recurringPattern: "weekly" | undefined; }' is not assignable to type 'CalendarEvent' with 'exactOptionalPropertyTypes: true'. Consider adding 'undefined' to the types of the target's properties.
  Types of property 'recurringPattern' are incompatible.
    Type '"weekly" | undefined' is not assignable to type '"daily" | "weekly" | "monthly" | "yearly"'.
      Type 'undefined' is not assignable to type '"daily" | "weekly" | "monthly" | "yearly"'.
src/components/EnhancedFarmCalendar.tsx(863,65): error TS2345: Argument of type 'string | undefined' is not assignable to parameter of type 'string'.
  Type 'undefined' is not assignable to type 'string'.
src/components/EnhancedFarmCalendar.tsx(870,11): error TS6133: 'lastDay' is declared but its value is never read.
src/components/ErrorBoundary.tsx(54,37): error TS2339: Property 'code' does not exist on type 'Error'.
src/components/ErrorBoundary.tsx(55,87): error TS2339: Property 'code' does not exist on type 'Error'.
src/components/FarmCalendar.tsx(7,3): error TS6133: 'Filter' is declared but its value is never read.
src/components/FarmCalendar.tsx(8,3): error TS6133: 'Bell' is declared but its value is never read.
src/components/FarmCalendar.tsx(9,3): error TS6133: 'Clock' is declared but its value is never read.
src/components/FarmCalendar.tsx(10,3): error TS6133: 'MapPin' is declared but its value is never read.
src/components/FarmCalendar.tsx(11,3): error TS6133: 'Users' is declared but its value is never read.
src/components/FarmCalendar.tsx(15,3): error TS6133: 'Sun' is declared but its value is never read.
src/components/FarmCalendar.tsx(16,3): error TS6133: 'Cloud' is declared but its value is never read.
src/components/FarmCalendar.tsx(18,3): error TS6133: 'Zap' is declared but its value is never read.
src/components/FarmCalendar.tsx(56,3): error TS6133: 'farmId' is declared but its value is never read.
src/components/FarmCalendar.tsx(81,9): error TS2322: Type 'unknown' is not assignable to type '"low" | "normal" | "high" | "urgent"'.
src/components/FarmCalendar.tsx(83,9): error TS2322: Type 'unknown' is not assignable to type '"pending" | "in_progress" | "completed" | "overdue"'.
src/components/FarmCalendar.tsx(85,9): error TS2322: Type 'LucideIcon' is not assignable to type 'ComponentType<unknown>'.
  Type 'ForwardRefExoticComponent<LucideProps>' is not assignable to type 'FunctionComponent<unknown>'.
    Types of parameters 'props' and 'props' are incompatible.
      Type 'unknown' is not assignable to type 'LucideProps'.
src/components/FarmCalendar.tsx(102,11): error TS2322: Type 'LucideIcon' is not assignable to type 'ComponentType<unknown>'.
  Type 'ForwardRefExoticComponent<LucideProps>' is not assignable to type 'FunctionComponent<unknown>'.
    Types of parameters 'props' and 'props' are incompatible.
      Type 'unknown' is not assignable to type 'LucideProps'.
src/components/FarmCalendar.tsx(118,11): error TS2322: Type 'LucideIcon' is not assignable to type 'ComponentType<unknown>'.
  Type 'ForwardRefExoticComponent<LucideProps>' is not assignable to type 'FunctionComponent<unknown>'.
    Types of parameters 'props' and 'props' are incompatible.
      Type 'unknown' is not assignable to type 'LucideProps'.
src/components/FarmCalendar.tsx(124,16): error TS2339: Property 'irrigation_schedule' does not exist on type 'Crop'.
src/components/FarmCalendar.tsx(125,62): error TS2339: Property 'irrigation_schedule' does not exist on type 'Crop'.
src/components/FarmCalendar.tsx(136,13): error TS2322: Type 'LucideIcon' is not assignable to type 'ComponentType<unknown>'.
  Type 'ForwardRefExoticComponent<LucideProps>' is not assignable to type 'FunctionComponent<unknown>'.
    Types of parameters 'props' and 'props' are incompatible.
      Type 'unknown' is not assignable to type 'LucideProps'.
src/components/FarmCalendar.tsx(146,47): error TS2345: Argument of type 'string | undefined' is not assignable to parameter of type 'string'.
  Type 'undefined' is not assignable to type 'string'.
src/components/FarmCalendar.tsx(150,42): error TS2551: Property 'identification' does not exist on type 'Animal'. Did you mean 'identification_tag'?
src/components/FarmCalendar.tsx(157,11): error TS2322: Type 'LucideIcon' is not assignable to type 'ComponentType<unknown>'.
  Type 'ForwardRefExoticComponent<LucideProps>' is not assignable to type 'FunctionComponent<unknown>'.
    Types of parameters 'props' and 'props' are incompatible.
      Type 'unknown' is not assignable to type 'LucideProps'.
src/components/FarmCalendar.tsx(168,43): error TS2551: Property 'identification' does not exist on type 'Animal'. Did you mean 'identification_tag'?
src/components/FarmCalendar.tsx(175,13): error TS2322: Type 'LucideIcon' is not assignable to type 'ComponentType<unknown>'.
  Type 'ForwardRefExoticComponent<LucideProps>' is not assignable to type 'FunctionComponent<unknown>'.
    Types of parameters 'props' and 'props' are incompatible.
      Type 'unknown' is not assignable to type 'LucideProps'.
src/components/FarmCalendar.tsx(195,57): error TS2345: Argument of type 'string | undefined' is not assignable to parameter of type 'string'.
  Type 'undefined' is not assignable to type 'string'.
src/components/FarmCalendar.tsx(203,11): error TS6133: 'lastDay' is declared but its value is never read.
src/components/FarmCalendar.tsx(292,42): error TS2345: Argument of type 'unknown' is not assignable to parameter of type 'SetStateAction<"month" | "week" | "day">'.
src/components/FarmCalendar.tsx(450,34): error TS6133: 'schedule' is declared but its value is never read.
src/components/FarmCalendar.tsx(459,3): error TS2322: Type '(string | undefined)[]' is not assignable to type 'string[]'.
  Type 'string | undefined' is not assignable to type 'string'.
    Type 'undefined' is not assignable to type 'string'.
src/components/FarmCalendar.tsx(466,5): error TS2322: Type 'string | undefined' is not assignable to type 'string | null'.
  Type 'undefined' is not assignable to type 'string | null'.
src/components/FarmCalendar.tsx(475,3): error TS2322: Type 'string | undefined' is not assignable to type 'string | null'.
  Type 'undefined' is not assignable to type 'string | null'.
src/components/FarmCalendar.tsx(484,7): error TS2322: Type 'string | undefined' is not assignable to type 'string'.
  Type 'undefined' is not assignable to type 'string'.
src/components/FarmCalendar.tsx(489,7): error TS2322: Type 'LucideIcon' is not assignable to type 'ComponentType<unknown>'.
  Type 'ForwardRefExoticComponent<LucideProps>' is not assignable to type 'FunctionComponent<unknown>'.
    Types of parameters 'props' and 'props' are incompatible.
      Type 'unknown' is not assignable to type 'LucideProps'.
src/components/FarmCalendar.tsx(495,7): error TS2322: Type 'string | undefined' is not assignable to type 'string'.
  Type 'undefined' is not assignable to type 'string'.
src/components/FarmCalendar.tsx(500,7): error TS2322: Type 'LucideIcon' is not assignable to type 'ComponentType<unknown>'.
  Type 'ForwardRefExoticComponent<LucideProps>' is not assignable to type 'FunctionComponent<unknown>'.
    Types of parameters 'props' and 'props' are incompatible.
      Type 'unknown' is not assignable to type 'LucideProps'.
src/components/GlobalSearch.tsx(8,3): error TS6133: 'Filter' is declared but its value is never read.
src/components/GlobalSearch.tsx(20,29): error TS6133: 'CardDescription' is declared but its value is never read.
src/components/GlobalSearch.tsx(441,49): error TS6133: 'index' is declared but its value is never read.
src/components/Header.tsx(221,8): error TS2375: Type '{ isOpen: boolean; onClose: () => void; currentFarmId: number | undefined; }' is not assignable to type 'GlobalSearchProps' with 'exactOptionalPropertyTypes: true'. Consider adding 'undefined' to the types of the target's properties.
  Types of property 'currentFarmId' are incompatible.
    Type 'number | undefined' is not assignable to type 'number'.
      Type 'undefined' is not assignable to type 'number'.
src/components/IrrigationOptimizer.tsx(11,3): error TS6133: 'MapPin' is declared but its value is never read.
src/components/IrrigationOptimizer.tsx(118,31): error TS18046: 'schedule' is of type 'unknown'.
src/components/IrrigationOptimizer.tsx(121,35): error TS18046: 'schedule' is of type 'unknown'.
src/components/IrrigationOptimizer.tsx(151,24): error TS18046: 'schedule' is of type 'unknown'.
src/components/IrrigationOptimizer.tsx(157,31): error TS18046: 'schedule' is of type 'unknown'.
src/components/IrrigationOptimizer.tsx(162,43): error TS18046: 'schedule' is of type 'unknown'.
src/components/IrrigationOptimizer.tsx(259,34): error TS7006: Parameter 'schedule' implicitly has an 'any' type.
src/components/IrrigationOptimizer.tsx(489,53): error TS7006: Parameter 'rec' implicitly has an 'any' type.
src/components/IrrigationOptimizer.tsx(489,58): error TS7006: Parameter 'index' implicitly has an 'any' type.
src/components/IrrigationOptimizer.tsx(524,36): error TS7006: Parameter 'field' implicitly has an 'any' type.
src/components/Map.tsx(5,40): error TS4111: Property 'VITE_MAPBOX_TOKEN' comes from an index signature, so it must be accessed with ['VITE_MAPBOX_TOKEN'].
src/components/OfflineFirstMobile.tsx(6,3): error TS6133: 'Upload' is declared but its value is never read.
src/components/OfflineFirstMobile.tsx(7,3): error TS6133: 'Cloud' is declared but its value is never read.
src/components/OfflineFirstMobile.tsx(8,3): error TS6133: 'CloudOff' is declared but its value is never read.
src/components/OfflineFirstMobile.tsx(10,3): error TS6133: 'Tablet' is declared but its value is never read.
src/components/OfflineFirstMobile.tsx(13,3): error TS6133: 'Save' is declared but its value is never read.
src/components/OfflineFirstMobile.tsx(15,3): error TS6133: 'AlertCircle' is declared but its value is never read.
src/components/OfflineFirstMobile.tsx(16,3): error TS6133: 'Clock' is declared but its value is never read.
src/components/OfflineFirstMobile.tsx(17,3): error TS2305: Module '"lucide-react"' has no exported member 'Sync'.
src/components/OfflineFirstMobile.tsx(20,3): error TS6133: 'Image' is declared but its value is never read.
src/components/OfflineFirstMobile.tsx(21,3): error TS6133: 'Map' is declared but its value is never read.
src/components/OfflineFirstMobile.tsx(22,3): error TS6133: 'Navigation' is declared but its value is never read.
src/components/OfflineFirstMobile.tsx(23,3): error TS6133: 'Battery' is declared but its value is never read.
src/components/OfflineFirstMobile.tsx(29,3): error TS6133: 'MessageSquare' is declared but its value is never read.
src/components/OfflineFirstMobile.tsx(150,7): error TS2322: Type 'LucideIcon' is not assignable to type 'ComponentType<unknown>'.
  Type 'ForwardRefExoticComponent<LucideProps>' is not assignable to type 'FunctionComponent<unknown>'.
    Types of parameters 'props' and 'props' are incompatible.
      Type 'unknown' is not assignable to type 'LucideProps'.
src/components/OfflineFirstMobile.tsx(156,7): error TS2322: Type 'LucideIcon' is not assignable to type 'ComponentType<unknown>'.
  Type 'ForwardRefExoticComponent<LucideProps>' is not assignable to type 'FunctionComponent<unknown>'.
    Types of parameters 'props' and 'props' are incompatible.
      Type 'unknown' is not assignable to type 'LucideProps'.
src/components/OfflineFirstMobile.tsx(162,7): error TS2322: Type 'LucideIcon' is not assignable to type 'ComponentType<unknown>'.
  Type 'ForwardRefExoticComponent<LucideProps>' is not assignable to type 'FunctionComponent<unknown>'.
    Types of parameters 'props' and 'props' are incompatible.
      Type 'unknown' is not assignable to type 'LucideProps'.
src/components/OfflineFirstMobile.tsx(168,7): error TS2322: Type 'LucideIcon' is not assignable to type 'ComponentType<unknown>'.
  Type 'ForwardRefExoticComponent<LucideProps>' is not assignable to type 'FunctionComponent<unknown>'.
    Types of parameters 'props' and 'props' are incompatible.
      Type 'unknown' is not assignable to type 'LucideProps'.
src/components/OfflineFirstMobile.tsx(174,7): error TS2322: Type 'LucideIcon' is not assignable to type 'ComponentType<unknown>'.
  Type 'ForwardRefExoticComponent<LucideProps>' is not assignable to type 'FunctionComponent<unknown>'.
    Types of parameters 'props' and 'props' are incompatible.
      Type 'unknown' is not assignable to type 'LucideProps'.
src/components/OfflineFirstMobile.tsx(180,7): error TS2322: Type 'LucideIcon' is not assignable to type 'ComponentType<unknown>'.
  Type 'ForwardRefExoticComponent<LucideProps>' is not assignable to type 'FunctionComponent<unknown>'.
    Types of parameters 'props' and 'props' are incompatible.
      Type 'unknown' is not assignable to type 'LucideProps'.
src/components/OfflineFirstMobile.tsx(251,26): error TS2345: Argument of type '(prev: OfflineFeature[]) => { status: "available"; sync_status: "synced"; last_updated: string | undefined; id: string; name: string; description: string; category: "media" | "data" | "navigation" | "communication" | "productivity"; download_progress: number; size_mb: number; priority: "low" | ... 1 more ... | "high...' is not assignable to parameter of type 'SetStateAction<OfflineFeature[]>'.
  Type '(prev: OfflineFeature[]) => { status: "available"; sync_status: "synced"; last_updated: string | undefined; id: string; name: string; description: string; category: "media" | "data" | "navigation" | "communication" | "productivity"; download_progress: number; size_mb: number; priority: "low" | ... 1 more ... | "high...' is not assignable to type '(prevState: OfflineFeature[]) => OfflineFeature[]'.
    Type '{ status: "available"; sync_status: "synced"; last_updated: string | undefined; id: string; name: string; description: string; category: "media" | "data" | "navigation" | "communication" | "productivity"; download_progress: number; size_mb: number; priority: "low" | ... 1 more ... | "high"; auto_sync: boolean; }[]' is not assignable to type 'OfflineFeature[]'.
      Type '{ status: "available"; sync_status: "synced"; last_updated: string | undefined; id: string; name: string; description: string; category: "data" | "media" | "navigation" | "communication" | "productivity"; download_progress: number; size_mb: number; priority: "low" | "medium" | "high"; auto_sync: boolean; }' is not assignable to type 'OfflineFeature'.
        Types of property 'last_updated' are incompatible.
          Type 'string | undefined' is not assignable to type 'string'.
            Type 'undefined' is not assignable to type 'string'.
src/components/OfflineFirstMobile.tsx(274,26): error TS2345: Argument of type '(prev: OfflineFeature[]) => { download_progress: number; status: string; last_updated: string | undefined; id: string; name: string; description: string; category: "media" | "data" | "navigation" | "communication" | "productivity"; sync_status: "pending" | ... 2 more ... | "synced"; size_mb: number; priority: "low" ...' is not assignable to parameter of type 'SetStateAction<OfflineFeature[]>'.
  Type '(prev: OfflineFeature[]) => { download_progress: number; status: string; last_updated: string | undefined; id: string; name: string; description: string; category: "media" | "data" | "navigation" | "communication" | "productivity"; sync_status: "pending" | ... 2 more ... | "synced"; size_mb: number; priority: "low" ...' is not assignable to type '(prevState: OfflineFeature[]) => OfflineFeature[]'.
    Type '{ download_progress: number; status: string; last_updated: string | undefined; id: string; name: string; description: string; category: "media" | "data" | "navigation" | "communication" | "productivity"; sync_status: "pending" | ... 2 more ... | "synced"; size_mb: number; priority: "low" | ... 1 more ... | "high"; a...' is not assignable to type 'OfflineFeature[]'.
      Type '{ download_progress: number; status: string; last_updated: string | undefined; id: string; name: string; description: string; category: "data" | "media" | "navigation" | "communication" | "productivity"; sync_status: "pending" | "synced" | "conflict" | "error"; size_mb: number; priority: "low" | "medium" | "high"; a...' is not assignable to type 'OfflineFeature'.
        Types of property 'status' are incompatible.
          Type 'string' is not assignable to type '"completed" | "error" | "syncing" | "available" | "downloading"'.
src/components/OfflineFirstMobile.tsx(436,42): error TS2322: Type '{ className: string; }' is not assignable to type 'IntrinsicAttributes'.
  Property 'className' does not exist on type 'IntrinsicAttributes'.
src/components/PerformanceMonitoringDashboard.tsx(11,3): error TS6133: 'Clock' is declared but its value is never read.
src/components/PerformanceMonitoringDashboard.tsx(17,3): error TS6133: 'PieChart' is declared but its value is never read.
src/components/PerformanceMonitoringDashboard.tsx(18,3): error TS6133: 'LineChart' is declared but its value is never read.
src/components/PerformanceMonitoringDashboard.tsx(26,3): error TS6133: 'Download' is declared but its value is never read.
src/components/PerformanceMonitoringDashboard.tsx(27,3): error TS6133: 'Filter' is declared but its value is never read.
src/components/PerformanceMonitoringDashboard.tsx(28,3): error TS6133: 'Calendar' is declared but its value is never read.
src/components/PerformanceMonitoringDashboard.tsx(29,3): error TS6133: 'AlertCircle' is declared but its value is never read.
src/components/PerformanceMonitoringDashboard.tsx(34,29): error TS6133: 'CardDescription' is declared but its value is never read.
src/components/PerformanceMonitoringDashboard.tsx(106,7): error TS6133: 'getStatusColor' is declared but its value is never read.
src/components/PerformanceMonitoringDashboard.tsx(167,10): error TS6133: 'selectedMetric' is declared but its value is never read.
src/components/PerformanceMonitoringDashboard.tsx(167,26): error TS6133: 'setSelectedMetric' is declared but its value is never read.
src/components/PestDiseaseManager.tsx(12,3): error TS6133: 'MapPin' is declared but its value is never read.
src/components/PestDiseaseManager.tsx(46,59): error TS6133: 'createIssue' is declared but its value is never read.
src/components/PestDiseaseManager.tsx(46,72): error TS6133: 'updateIssue' is declared but its value is never read.
src/components/PestDiseaseManager.tsx(138,45): error TS2345: Argument of type 'unknown' is not assignable to parameter of type 'SetStateAction<"issues" | "overview" | "outbreaks" | "prevention">'.
src/components/PestDiseaseManager.tsx(266,81): error TS7053: Element implicitly has an 'any' type because expression of type '"active" | "treated" | "resolved" | "escalated"' can't be used to index type '{ active: string; treating: string; controlled: string; resolved: string; monitoring: string; }'.
  Property 'treated' does not exist on type '{ active: string; treating: string; controlled: string; resolved: string; monitoring: string; }'.
src/components/PestDiseaseManager.tsx(340,81): error TS7053: Element implicitly has an 'any' type because expression of type '"monitoring" | "treating" | "controlled" | "contained"' can't be used to index type '{ active: string; treating: string; controlled: string; resolved: string; monitoring: string; }'.
  Property 'contained' does not exist on type '{ active: string; treating: string; controlled: string; resolved: string; monitoring: string; }'.
src/components/PestDiseaseManager.tsx(379,30): error TS18046: 'task' is of type 'unknown'.
src/components/PestDiseaseManager.tsx(385,57): error TS18046: 'task' is of type 'unknown'.
src/components/PestDiseaseManager.tsx(387,32): error TS18046: 'task' is of type 'unknown'.
src/components/PestDiseaseManager.tsx(388,41): error TS18046: 'task' is of type 'unknown'.
src/components/PestDiseaseManager.tsx(394,29): error TS18046: 'task' is of type 'unknown'.
src/components/PestDiseaseManager.tsx(396,33): error TS18046: 'task' is of type 'unknown'.
src/components/PestDiseaseManager.tsx(401,28): error TS18046: 'task' is of type 'unknown'.
src/components/SmartNotificationSystem.tsx(1,8): error TS6133: 'React' is declared but its value is never read.
src/components/SmartNotificationSystem.tsx(1,27): error TS6133: 'useEffect' is declared but its value is never read.
src/components/SmartNotificationSystem.tsx(4,3): error TS6133: 'BellOff' is declared but its value is never read.
src/components/SmartNotificationSystem.tsx(10,3): error TS6133: 'Droplets' is declared but its value is never read.
src/components/SmartNotificationSystem.tsx(11,3): error TS6133: 'Thermometer' is declared but its value is never read.
src/components/SmartNotificationSystem.tsx(12,3): error TS6133: 'Users' is declared but its value is never read.
src/components/SmartNotificationSystem.tsx(13,3): error TS6133: 'Sprout' is declared but its value is never read.
src/components/SmartNotificationSystem.tsx(14,3): error TS6133: 'Activity' is declared but its value is never read.
src/components/SmartNotificationSystem.tsx(15,3): error TS6133: 'DollarSign' is declared but its value is never read.
src/components/SmartNotificationSystem.tsx(17,3): error TS6133: 'X' is declared but its value is never read.
src/components/SmartNotificationSystem.tsx(19,3): error TS6133: 'EyeOff' is declared but its value is never read.
src/components/SmartNotificationSystem.tsx(20,3): error TS6133: 'Volume2' is declared but its value is never read.
src/components/SmartNotificationSystem.tsx(22,3): error TS6133: 'Mail' is declared but its value is never read.
src/components/SmartNotificationSystem.tsx(23,3): error TS6133: 'MessageSquare' is declared but its value is never read.
src/components/SmartNotificationSystem.tsx(26,3): error TS6133: 'MoreVertical' is declared but its value is never read.
src/components/SmartNotificationSystem.tsx(28,3): error TS6133: 'Calendar' is declared but its value is never read.
src/components/SoilHealthMonitor.tsx(9,3): error TS6133: 'TrendingDown' is declared but its value is never read.
src/components/SoilHealthMonitor.tsx(10,3): error TS6133: 'Minus' is declared but its value is never read.
src/components/SoilHealthMonitor.tsx(12,3): error TS6133: 'MapPin' is declared but its value is never read.
src/components/SoilHealthMonitor.tsx(20,3): error TS6133: 'Droplets' is declared but its value is never read.
src/components/SoilHealthMonitor.tsx(48,40): error TS6133: 'createSoilTest' is declared but its value is never read.
src/components/SoilHealthMonitor.tsx(80,9): error TS6133: 'fields' is declared but its value is never read.
src/components/SoilHealthMonitor.tsx(274,45): error TS2345: Argument of type 'unknown' is not assignable to parameter of type 'SetStateAction<"analytics" | "recommendations" | "overview" | "tests">'.
src/components/SoilHealthMonitor.tsx(537,35): error TS18046: 'fieldRec' is of type 'unknown'.
src/components/SoilHealthMonitor.tsx(538,61): error TS18046: 'fieldRec' is of type 'unknown'.
src/components/SoilHealthMonitor.tsx(540,30): error TS18046: 'fieldRec' is of type 'unknown'.
src/components/SoilHealthMonitor.tsx(544,35): error TS18046: 'rec' is of type 'unknown'.
src/components/SoilHealthMonitor.tsx(546,39): error TS18046: 'rec' is of type 'unknown'.
src/components/SoilHealthMonitor.tsx(554,39): error TS18046: 'rec' is of type 'unknown'.
src/components/SoilHealthMonitor.tsx(556,43): error TS18046: 'rec' is of type 'unknown'.
src/components/SoilHealthMonitor.tsx(562,65): error TS18046: 'rec' is of type 'unknown'.
src/components/SoilHealthMonitor.tsx(564,48): error TS18046: 'rec' is of type 'unknown'.
src/components/SoilHealthMonitor.tsx(564,73): error TS18046: 'rec' is of type 'unknown'.
src/components/SupplyChainManager.tsx(1,8): error TS6133: 'React' is declared but its value is never read.
src/components/SupplyChainManager.tsx(14,3): error TS6133: 'Calendar' is declared but its value is never read.
src/components/SupplyChainManager.tsx(16,3): error TS6133: 'Upload' is declared but its value is never read.
src/components/SupplyChainManager.tsx(19,3): error TS6133: 'Filter' is declared but its value is never read.
src/components/SupplyChainManager.tsx(22,3): error TS6133: 'Trash2' is declared but its value is never read.
src/components/SupplyChainManager.tsx(23,3): error TS6133: 'TruckIcon' is declared but its value is never read.
src/components/SupplyChainManager.tsx(24,3): error TS6133: 'MapPin' is declared but its value is never read.
src/components/SupplyChainManager.tsx(33,3): error TS6133: 'Save' is declared but its value is never read.
src/components/SupplyChainManager.tsx(34,3): error TS6133: 'X' is declared but its value is never read.
src/components/SupplyChainManager.tsx(36,3): error TS6133: 'Info' is declared but its value is never read.
src/components/SupplyChainManager.tsx(42,1): error TS6133: 'Textarea' is declared but its value is never read.
src/components/SupplyChainManager.tsx(44,1): error TS6192: All imports in import declaration are unused.
src/components/SupplyChainManager.tsx(52,1): error TS6133: 'Label' is declared but its value is never read.
src/components/SupplyChainManager.tsx(123,10): error TS6133: 'isAddVendorOpen' is declared but its value is never read.
src/components/SupplyChainManager.tsx(124,10): error TS6133: 'isAddOrderOpen' is declared but its value is never read.
src/components/SupplyChainManager.tsx(367,45): error TS2345: Argument of type 'unknown' is not assignable to parameter of type 'SetStateAction<"inventory" | "analytics" | "overview" | "vendors" | "orders">'.
src/components/ui/alert.tsx(8,15): error TS2686: 'React' refers to a UMD global, but the current file is a module. Consider adding an import instead.
src/components/ui/alert.tsx(31,26): error TS2686: 'React' refers to a UMD global, but the current file is a module. Consider adding an import instead.
src/components/ui/alert.tsx(39,20): error TS2686: 'React' refers to a UMD global, but the current file is a module. Consider adding an import instead.
src/components/ui/FloatingActionButton.tsx(120,9): error TS6133: 'navigate' is declared but its value is never read.
src/components/ui/FloatingActionButton.tsx(210,7): error TS2532: Object is possibly 'undefined'.
src/components/ui/FloatingActionButton.tsx(348,33): error TS4111: Property 'plus' comes from an index signature, so it must be accessed with ['plus'].
src/components/ui/select.tsx(45,29): error TS2375: Type '{ value: string | undefined; onValueChange: ((value: string) => void) | undefined; isOpen: boolean; setIsOpen: React.Dispatch<React.SetStateAction<boolean>>; }' is not assignable to type '{ value?: string; onValueChange?: (value: string) => void; isOpen: boolean; setIsOpen: (open: boolean) => void; }' with 'exactOptionalPropertyTypes: true'. Consider adding 'undefined' to the types of the target's properties.
  Types of property 'value' are incompatible.
    Type 'string | undefined' is not assignable to type 'string'.
      Type 'undefined' is not assignable to type 'string'.
src/components/ui/UnifiedList.tsx(7,3): error TS6133: 'Edit' is declared but its value is never read.
src/components/ui/UnifiedList.tsx(8,3): error TS6133: 'Trash2' is declared but its value is never read.
src/components/ui/UnifiedList.tsx(9,3): error TS6133: 'Calendar' is declared but its value is never read.
src/components/ui/UnifiedList.tsx(10,3): error TS6133: 'Clock' is declared but its value is never read.
src/components/ui/UnifiedList.tsx(12,3): error TS6133: 'CheckCircle' is declared but its value is never read.
src/components/ui/UnifiedList.tsx(14,3): error TS6133: 'XCircle' is declared but its value is never read.
src/components/ui/UnifiedList.tsx(16,3): error TS6133: 'MoreVertical' is declared but its value is never read.
src/components/ui/UnifiedList.tsx(213,76): error TS2322: Type '{}' is not assignable to type 'ReactNode'.
src/components/ui/UnifiedList.tsx(239,33): error TS2322: Type '{ className: string; }' is not assignable to type 'IntrinsicAttributes'.
  Property 'className' does not exist on type 'IntrinsicAttributes'.
src/components/ui/UnifiedModal.tsx(92,37): error TS2345: Argument of type 'unknown' is not assignable to parameter of type 'string'.
src/components/ui/UnifiedModal.tsx(118,38): error TS2345: Argument of type '{}' is not assignable to parameter of type 'string'.
src/components/ui/UnifiedModal.tsx(141,13): error TS2322: Type '{}' is not assignable to type 'string | number | readonly string[] | undefined'.
src/components/ui/UnifiedModal.tsx(152,13): error TS2322: Type '{}' is not assignable to type 'string | number | readonly string[] | undefined'.
src/components/ui/UnifiedModal.tsx(165,13): error TS2322: Type '{}' is not assignable to type 'string | number | readonly string[] | undefined'.
src/components/ui/UnifiedModal.tsx(174,13): error TS2322: Type '{}' is not assignable to type 'string | number | readonly string[] | undefined'.
src/components/ui/UnifiedModal.tsx(190,13): error TS2322: Type '{}' is not assignable to type 'string | number | readonly string[] | undefined'.
src/components/ui/UnifiedModal.tsx(203,15): error TS2322: Type '{}' is not assignable to type 'boolean | undefined'.
src/components/WeatherAnalytics.tsx(11,3): error TS6133: 'Wind' is declared but its value is never read.
src/components/WeatherAnalytics.tsx(33,11): error TS6196: 'CropWeatherImpact' is declared but never used.
src/components/WeatherAnalytics.tsx(72,7): error TS2571: Object is of type 'unknown'.
src/components/WeatherAnalytics.tsx(72,38): error TS18046: 'd' is of type 'unknown'.
src/components/WeatherAnalytics.tsx(75,7): error TS2571: Object is of type 'unknown'.
src/components/WeatherAnalytics.tsx(75,38): error TS18046: 'd' is of type 'unknown'.
src/components/WeatherAnalytics.tsx(78,7): error TS2571: Object is of type 'unknown'.
src/components/WeatherAnalytics.tsx(79,21): error TS18046: 'sum' is of type 'unknown'.
src/components/WeatherAnalytics.tsx(79,29): error TS18046: 'd' is of type 'unknown'.
src/components/WeatherAnalytics.tsx(79,62): error TS18046: 'd' is of type 'unknown'.
src/components/WeatherAnalytics.tsx(260,34): error TS7006: Parameter 'impact' implicitly has an 'any' type.
src/components/WeatherAnalytics.tsx(320,48): error TS7006: Parameter 'risk' implicitly has an 'any' type.
src/components/WeatherAnalytics.tsx(320,54): error TS7006: Parameter 'index' implicitly has an 'any' type.
src/components/WeatherAnalytics.tsx(337,54): error TS7006: Parameter 'rec' implicitly has an 'any' type.
src/components/WeatherAnalytics.tsx(337,59): error TS7006: Parameter 'index' implicitly has an 'any' type.
src/components/WeatherCalendar.tsx(110,16): error TS2538: Type 'undefined' cannot be used as an index type.
src/components/WeatherCalendar.tsx(110,27): error TS2538: Type 'undefined' cannot be used as an index type.
src/components/WeatherCalendar.tsx(111,11): error TS2538: Type 'undefined' cannot be used as an index type.
src/components/WeatherCalendar.tsx(155,39): error TS2532: Object is possibly 'undefined'.
src/components/WeatherCalendar.tsx(160,45): error TS2532: Object is possibly 'undefined'.
src/components/WeatherCalendar.tsx(165,62): error TS2538: Type 'undefined' cannot be used as an index type.
src/components/WeatherCalendar.tsx(203,50): error TS7006: Parameter 'op' implicitly has an 'any' type.
src/components/WeatherNotifications.tsx(7,3): error TS6133: 'X' is declared but its value is never read.
src/components/WeatherNotifications.tsx(73,13): error TS18046: 'rec' is of type 'unknown'.
src/components/WeatherNotifications.tsx(74,15): error TS18046: 'rec' is of type 'unknown'.
src/components/WeatherNotifications.tsx(74,44): error TS18046: 'rec' is of type 'unknown'.
src/components/WeatherNotifications.tsx(75,16): error TS18046: 'rec' is of type 'unknown'.
src/components/WeatherNotifications.tsx(76,18): error TS18046: 'rec' is of type 'unknown'.
src/components/WeatherNotifications.tsx(77,19): error TS18046: 'rec' is of type 'unknown'.
src/components/WeatherNotifications.tsx(78,20): error TS18046: 'rec' is of type 'unknown'.
src/components/WeatherNotifications.tsx(80,18): error TS18046: 'rec' is of type 'unknown'.
src/components/WeatherNotifications.tsx(145,46): error TS6133: 'severity' is declared but its value is never read.
src/config/index.ts(51,9): error TS6133: 'isProduction' is declared but its value is never read.
src/config/index.ts(62,32): error TS4111: Property 'VITE_API_BASE_URL' comes from an index signature, so it must be accessed with ['VITE_API_BASE_URL'].
src/config/index.ts(152,7): error TS18046: 'merged' is of type 'unknown'.
src/config/index.ts(153,13): error TS18046: 'merged' is of type 'unknown'.
src/config/index.ts(157,7): error TS18046: 'merged' is of type 'unknown'.
src/hooks/AuthContext.tsx(50,22): error TS4111: Property 'error' comes from an index signature, so it must be accessed with ['error'].
src/hooks/AuthContext.tsx(50,57): error TS4111: Property 'error' comes from an index signature, so it must be accessed with ['error'].
src/hooks/AuthContext.tsx(51,22): error TS4111: Property 'message' comes from an index signature, so it must be accessed with ['message'].
src/hooks/AuthContext.tsx(51,59): error TS4111: Property 'message' comes from an index signature, so it must be accessed with ['message'].
src/hooks/AuthContext.tsx(52,15): error TS4111: Property 'errors' comes from an index signature, so it must be accessed with ['errors'].
src/hooks/AuthContext.tsx(52,47): error TS4111: Property 'errors' comes from an index signature, so it must be accessed with ['errors'].
src/hooks/AuthContext.tsx(52,66): error TS4111: Property 'errors' comes from an index signature, so it must be accessed with ['errors'].
src/hooks/AuthContext.tsx(53,27): error TS4111: Property 'errors' comes from an index signature, so it must be accessed with ['errors'].
src/hooks/AuthContext.tsx(56,58): error TS4111: Property 'message' comes from an index signature, so it must be accessed with ['message'].
src/hooks/AuthContext.tsx(74,5): error TS2353: Object literal may only specify known properties, and 'csrf_token' does not exist in type '{ access_token: string; refresh_token?: string; expires_at?: number; }'.
src/hooks/AuthContext.tsx(94,11): error TS2375: Type '{ access_token: string; refresh_token: string | undefined; csrf_token: string | undefined; }' is not assignable to type 'AuthSession' with 'exactOptionalPropertyTypes: true'. Consider adding 'undefined' to the types of the target's properties.
  Types of property 'refresh_token' are incompatible.
    Type 'string | undefined' is not assignable to type 'string'.
      Type 'undefined' is not assignable to type 'string'.
src/hooks/useAdvancedFiltering.ts(179,9): error TS6133: 'queryClient' is declared but its value is never read.
src/hooks/useAdvancedFiltering.ts(180,9): error TS6133: 'debounceRef' is declared but its value is never read.
src/hooks/useAdvancedFiltering.ts(265,16): error TS2345: Argument of type '(prev: FilterState) => { filters: (FilterRule | { label: string | undefined; id: string; field: string; operator: FilterOperator; value: unknown; isActive: boolean; })[]; ... 5 more ...; pageSize: number; }' is not assignable to parameter of type 'SetStateAction<FilterState>'.
  Type '(prev: FilterState) => { filters: (FilterRule | { label: string | undefined; id: string; field: string; operator: FilterOperator; value: unknown; isActive: boolean; })[]; ... 5 more ...; pageSize: number; }' is not assignable to type '(prevState: FilterState) => FilterState'.
    Call signature return types '{ filters: (FilterRule | { label: string | undefined; id: string; field: string; operator: FilterOperator; value: unknown; isActive: boolean; })[]; currentPage: number; ... 4 more ...; pageSize: number; }' and 'FilterState' are incompatible.
      The types of 'filters' are incompatible between these types.
        Type '(FilterRule | { label: string | undefined; id: string; field: string; operator: FilterOperator; value: unknown; isActive: boolean; })[]' is not assignable to type 'FilterRule[]'.
          Type 'FilterRule | { label: string | undefined; id: string; field: string; operator: FilterOperator; value: unknown; isActive: boolean; }' is not assignable to type 'FilterRule' with 'exactOptionalPropertyTypes: true'. Consider adding 'undefined' to the types of the target's properties.
            Type '{ label: string | undefined; id: string; field: string; operator: FilterOperator; value: unknown; isActive: boolean; }' is not assignable to type 'FilterRule' with 'exactOptionalPropertyTypes: true'. Consider adding 'undefined' to the types of the target's properties.
              Types of property 'label' are incompatible.
                Type 'string | undefined' is not assignable to type 'string'.
                  Type 'undefined' is not assignable to type 'string'.
src/hooks/useAdvancedFiltering.ts(384,13): error TS2375: Type '{ id: string; name: string; description: string | undefined; filters: FilterRule[]; sorts: SortRule[]; isDefault: false; createdAt: Date; updatedAt: Date; }' is not assignable to type 'SavedFilter' with 'exactOptionalPropertyTypes: true'. Consider adding 'undefined' to the types of the target's properties.
  Types of property 'description' are incompatible.
    Type 'string | undefined' is not assignable to type 'string'.
      Type 'undefined' is not assignable to type 'string'.
src/hooks/useAdvancedFiltering.ts(600,23): error TS2571: Object is of type 'unknown'.
src/hooks/useAdvancedFiltering.ts(611,25): error TS2571: Object is of type 'unknown'.
src/hooks/useAdvancedFiltering.ts(620,24): error TS2571: Object is of type 'unknown'.
src/hooks/useAdvancedFiltering.ts(621,24): error TS2571: Object is of type 'unknown'.
src/hooks/useAdvancedFiltering.ts(686,23): error TS2769: No overload matches this call.
  Overload 1 of 4, '(value: string | number | Date): Date', gave the following error.
    Argument of type '{}' is not assignable to parameter of type 'string | number | Date'.
  Overload 2 of 4, '(value: string | number): Date', gave the following error.
    Argument of type '{}' is not assignable to parameter of type 'string | number'.
src/hooks/useAdvancedFiltering.ts(686,45): error TS2769: No overload matches this call.
  Overload 1 of 4, '(value: string | number | Date): Date', gave the following error.
    Argument of type 'unknown' is not assignable to parameter of type 'string | number | Date'.
  Overload 2 of 4, '(value: string | number): Date', gave the following error.
    Argument of type 'unknown' is not assignable to parameter of type 'string | number'.
src/hooks/useAdvancedFiltering.ts(688,23): error TS2769: No overload matches this call.
  Overload 1 of 4, '(value: string | number | Date): Date', gave the following error.
    Argument of type '{}' is not assignable to parameter of type 'string | number | Date'.
  Overload 2 of 4, '(value: string | number): Date', gave the following error.
    Argument of type '{}' is not assignable to parameter of type 'string | number'.
src/hooks/useAdvancedFiltering.ts(688,45): error TS2769: No overload matches this call.
  Overload 1 of 4, '(value: string | number | Date): Date', gave the following error.
    Argument of type 'unknown' is not assignable to parameter of type 'string | number | Date'.
  Overload 2 of 4, '(value: string | number): Date', gave the following error.
    Argument of type 'unknown' is not assignable to parameter of type 'string | number'.
src/hooks/useAdvancedFiltering.ts(690,33): error TS2769: No overload matches this call.
  Overload 1 of 4, '(value: string | number | Date): Date', gave the following error.
    Argument of type '{}' is not assignable to parameter of type 'string | number | Date'.
  Overload 2 of 4, '(value: string | number): Date', gave the following error.
    Argument of type '{}' is not assignable to parameter of type 'string | number'.
src/hooks/useAdvancedFiltering.ts(691,35): error TS2769: No overload matches this call.
  Overload 1 of 4, '(value: string | number | Date): Date', gave the following error.
    Argument of type 'unknown' is not assignable to parameter of type 'string | number | Date'.
  Overload 2 of 4, '(value: string | number): Date', gave the following error.
    Argument of type 'unknown' is not assignable to parameter of type 'string | number'.
src/hooks/useAnimals.ts(318,17): error TS6133: 'data' is declared but its value is never read.
src/hooks/useBulkOperations.ts(152,47): error TS6133: 'itemType' is declared but its value is never read.
src/hooks/useBulkOperations.ts(153,35): error TS6133: 'operation' is declared but its value is never read.
src/hooks/useBulkOperations.ts(162,67): error TS18046: 'item' is of type 'unknown'.
src/hooks/useBulkOperations.ts(166,19): error TS18046: 'item' is of type 'unknown'.
src/hooks/useBulkOperations.ts(172,13): error TS2532: Object is possibly 'undefined'.
src/hooks/useBulkOperations.ts(186,58): error TS18046: 'item' is of type 'unknown'.
src/hooks/useBulkOperations.ts(188,42): error TS18046: 'item' is of type 'unknown'.
src/hooks/useBulkOperations.ts(193,17): error TS18046: 'item' is of type 'unknown'.
src/hooks/useBulkOperations.ts(445,33): error TS2532: Object is possibly 'undefined'.
src/hooks/useBulkOperations.ts(445,33): error TS2769: No overload matches this call.
  Overload 1 of 2, '(o: {}): string[]', gave the following error.
    Argument of type 'unknown' is not assignable to parameter of type '{}'.
  Overload 2 of 2, '(o: object): string[]', gave the following error.
    Argument of type 'unknown' is not assignable to parameter of type 'object'.
src/hooks/useBulkOperations.ts(451,27): error TS18046: 'item.data' is of type 'unknown'.
src/hooks/useCrops.ts(60,37): error TS2339: Property 'isLoading' does not exist on type 'UseMutationResult<Crop, Error, CreateCropForm, unknown>'.
  Property 'isLoading' does not exist on type 'Override<MutationObserverIdleResult<Crop, Error, CreateCropForm, unknown>, { mutate: UseMutateFunction<Crop, Error, CreateCropForm, unknown>; }> & { ...; }'.
src/hooks/useCrops.ts(76,37): error TS2339: Property 'isLoading' does not exist on type 'UseMutationResult<Crop, Error, UpdateCropForm, unknown>'.
  Property 'isLoading' does not exist on type 'Override<MutationObserverIdleResult<Crop, Error, UpdateCropForm, unknown>, { mutate: UseMutateFunction<Crop, Error, UpdateCropForm, unknown>; }> & { ...; }'.
src/hooks/useCrops.ts(91,37): error TS2339: Property 'isLoading' does not exist on type 'UseMutationResult<void, Error, string, unknown>'.
  Property 'isLoading' does not exist on type 'Override<MutationObserverIdleResult<void, Error, string, unknown>, { mutate: UseMutateFunction<void, Error, string, unknown>; }> & { ...; }'.
src/hooks/useFarm.ts(164,24): error TS2345: Argument of type 'Farm | null | undefined' is not assignable to parameter of type 'SetStateAction<Farm | null>'.
  Type 'undefined' is not assignable to type 'SetStateAction<Farm | null>'.
src/hooks/useGlobalSearch.ts(96,24): error TS2345: Argument of type 'SearchResult | undefined' is not assignable to parameter of type 'SearchResult'.
  Type 'undefined' is not assignable to type 'SearchResult'.
src/hooks/useIrrigation.ts(3,10): error TS6133: 'apiEndpoints' is declared but its value is never read.
src/hooks/useKeyboardShortcuts.ts(302,9): error TS6133: 'navigate' is declared but its value is never read.
src/hooks/useKeyboardShortcuts.ts(307,9): error TS6133: 'eventListeners' is declared but its value is never read.
src/hooks/useKeyboardShortcuts.ts(330,55): error TS18046: 's' is of type 'unknown'.
src/hooks/useKeyboardShortcuts.ts(610,18): error TS2345: Argument of type '(prev: KeyboardShortcut[]) => { usageCount: number; lastUsed: undefined; id: string; name: string; description: string; key: string; modifiers: ("shift" | "meta" | "alt" | "ctrl")[]; ... 5 more ...; priority: number; }[]' is not assignable to parameter of type 'SetStateAction<KeyboardShortcut[]>'.
  Type '(prev: KeyboardShortcut[]) => { usageCount: number; lastUsed: undefined; id: string; name: string; description: string; key: string; modifiers: ("shift" | "meta" | "alt" | "ctrl")[]; ... 5 more ...; priority: number; }[]' is not assignable to type '(prevState: KeyboardShortcut[]) => KeyboardShortcut[]'.
    Type '{ usageCount: number; lastUsed: undefined; id: string; name: string; description: string; key: string; modifiers: ("shift" | "meta" | "alt" | "ctrl")[]; action: () => void | Promise<void>; ... 4 more ...; priority: number; }[]' is not assignable to type 'KeyboardShortcut[]'.
      Type '{ usageCount: number; lastUsed: undefined; id: string; name: string; description: string; key: string; modifiers: ("ctrl" | "alt" | "shift" | "meta")[]; action: () => void | Promise<void>; ... 4 more ...; priority: number; }' is not assignable to type 'KeyboardShortcut' with 'exactOptionalPropertyTypes: true'. Consider adding 'undefined' to the types of the target's properties.
        Types of property 'lastUsed' are incompatible.
          Type 'undefined' is not assignable to type 'Date'.
src/hooks/useOfflineQueue.ts(4,10): error TS6133: 'getAccessToken' is declared but its value is never read.
src/hooks/useOfflineQueue.ts(110,44): error TS2345: Argument of type '{ status: "failed"; error: string | undefined; retryCount: number; }' is not assignable to parameter of type 'UpdateSpec<OfflineOperation> | ((obj: OfflineOperation, ctx: { value: any; primKey: IndexableType; }) => boolean | void)'.
  Type '{ status: "failed"; error: string | undefined; retryCount: number; }' is not assignable to type 'UpdateSpec<OfflineOperation>' with 'exactOptionalPropertyTypes: true'. Consider adding 'undefined' to the types of the target's properties.
    Types of property 'error' are incompatible.
      Type 'string | undefined' is not assignable to type 'string | PropModification'.
        Type 'undefined' is not assignable to type 'string | PropModification'.
src/hooks/useOfflineQueue.ts(141,46): error TS2345: Argument of type '{ status: "failed"; retryCount: number; error: string | undefined; }' is not assignable to parameter of type 'UpdateSpec<OfflineOperation> | ((obj: OfflineOperation, ctx: { value: any; primKey: IndexableType; }) => boolean | void)'.
  Type '{ status: "failed"; retryCount: number; error: string | undefined; }' is not assignable to type 'UpdateSpec<OfflineOperation>' with 'exactOptionalPropertyTypes: true'. Consider adding 'undefined' to the types of the target's properties.
    Types of property 'error' are incompatible.
      Type 'string | undefined' is not assignable to type 'string | PropModification'.
        Type 'undefined' is not assignable to type 'string | PropModification'.
src/hooks/useOfflineQueue.ts(162,42): error TS4111: Property 'Authorization' comes from an index signature, so it must be accessed with ['Authorization'].
src/hooks/useOfflineQueue.ts(186,65): error TS18046: 'op.payload' is of type 'unknown'.
src/hooks/useOfflineQueue.ts(205,65): error TS18046: 'op.payload' is of type 'unknown'.
src/hooks/useOfflineQueue.ts(218,34): error TS18046: 'op.payload' is of type 'unknown'.
src/hooks/useOfflineQueue.ts(255,40): error TS2345: Argument of type '{ status: "pending"; payload: unknown; retryCount: number; error: undefined; conflictData: undefined; }' is not assignable to parameter of type 'UpdateSpec<OfflineOperation> | ((obj: OfflineOperation, ctx: { value: any; primKey: IndexableType; }) => boolean | void)'.
  Type '{ status: "pending"; payload: unknown; retryCount: number; error: undefined; conflictData: undefined; }' is not assignable to type 'UpdateSpec<OfflineOperation>' with 'exactOptionalPropertyTypes: true'. Consider adding 'undefined' to the types of the target's properties.
    Types of property 'error' are incompatible.
      Type 'undefined' is not assignable to type 'string | PropModification'.
src/hooks/useOfflineQueue.ts(265,40): error TS2345: Argument of type '{ status: "pending"; payload: unknown; retryCount: number; error: undefined; conflictData: undefined; }' is not assignable to parameter of type 'UpdateSpec<OfflineOperation> | ((obj: OfflineOperation, ctx: { value: any; primKey: IndexableType; }) => boolean | void)'.
  Type '{ status: "pending"; payload: unknown; retryCount: number; error: undefined; conflictData: undefined; }' is not assignable to type 'UpdateSpec<OfflineOperation>' with 'exactOptionalPropertyTypes: true'. Consider adding 'undefined' to the types of the target's properties.
    Types of property 'error' are incompatible.
      Type 'undefined' is not assignable to type 'string | PropModification'.
src/hooks/useOptimizedAnimals.ts(14,11): error TS2339: Property 'subscribe' does not exist on type '{ connect: () => void; disconnect: () => void; sendMessage: (message: WebSocketMessage) => boolean; subscribeToFarm: (farmId: string) => boolean; unsubscribeFromFarm: (farmId: string) => boolean; ... 5 more ...; connectionError: string | null; }'.
src/hooks/useOptimizedAnimals.ts(14,22): error TS2339: Property 'unsubscribe' does not exist on type '{ connect: () => void; disconnect: () => void; sendMessage: (message: WebSocketMessage) => boolean; subscribeToFarm: (farmId: string) => boolean; unsubscribeFromFarm: (farmId: string) => boolean; ... 5 more ...; connectionError: string | null; }'.
src/hooks/useOptimizedAnimals.ts(20,13): error TS7006: Parameter 'failureCount' implicitly has an 'any' type.
src/hooks/useOptimizedAnimals.ts(20,27): error TS7006: Parameter 'error' implicitly has an 'any' type.
src/hooks/useOptimizedAnimals.ts(75,39): error TS2339: Property 'data' does not exist on type '{ pageParam: number; animals: Animal[]; pagination: { page: number; limit: number; total: number; pages: number; }; }'.
src/hooks/useOptimizedAnimals.ts(108,20): error TS2339: Property 'data' does not exist on type '{}'.
src/hooks/useOptimizedAnimals.ts(109,30): error TS2339: Property 'data' does not exist on type '{}'.
src/hooks/useOptimizedAnimals.ts(117,15): error TS6133: 'err' is declared but its value is never read.
src/hooks/useOptimizedAnimals.ts(117,20): error TS6133: 'newAnimal' is declared but its value is never read.
src/hooks/useOptimizedAnimals.ts(147,20): error TS2339: Property 'data' does not exist on type '{}'.
src/hooks/useOptimizedAnimals.ts(148,26): error TS2339: Property 'data' does not exist on type '{}'.
src/hooks/useOptimizedAnimals.ts(148,43): error TS7006: Parameter 'animal' implicitly has an 'any' type.
src/hooks/useOptimizedAnimals.ts(157,15): error TS6133: 'err' is declared but its value is never read.
src/hooks/useOptimizedAnimals.ts(157,20): error TS6133: 'updatedAnimal' is declared but its value is never read.
src/hooks/useOptimizedAnimals.ts(185,20): error TS2339: Property 'data' does not exist on type '{}'.
src/hooks/useOptimizedAnimals.ts(186,26): error TS2339: Property 'data' does not exist on type '{}'.
src/hooks/useOptimizedAnimals.ts(186,46): error TS7006: Parameter 'animal' implicitly has an 'any' type.
src/hooks/useOptimizedAnimals.ts(193,15): error TS6133: 'err' is declared but its value is never read.
src/hooks/useOptimizedAnimals.ts(193,20): error TS6133: 'animalId' is declared but its value is never read.
src/hooks/useOptimizedAnimals.ts(202,3): error TS2686: 'React' refers to a UMD global, but the current file is a module. Consider adding an import instead.
src/hooks/useOptimizedAnimals.ts(213,24): error TS2339: Property 'data' does not exist on type '{}'.
src/hooks/useOptimizedAnimals.ts(214,40): error TS2339: Property 'data' does not exist on type '{}'.
src/hooks/useOptimizedAnimals.ts(226,24): error TS2339: Property 'data' does not exist on type '{}'.
src/hooks/useOptimizedAnimals.ts(227,30): error TS2339: Property 'data' does not exist on type '{}'.
src/hooks/useOptimizedAnimals.ts(227,47): error TS7006: Parameter 'animal' implicitly has an 'any' type.
src/hooks/useOptimizedAnimals.ts(241,24): error TS2339: Property 'data' does not exist on type '{}'.
src/hooks/useOptimizedAnimals.ts(242,30): error TS2339: Property 'data' does not exist on type '{}'.
src/hooks/useOptimizedAnimals.ts(242,50): error TS7006: Parameter 'animal' implicitly has an 'any' type.
src/hooks/useOptimizedAnimals.ts(299,32): error TS2686: 'React' refers to a UMD global, but the current file is a module. Consider adding an import instead.
src/hooks/useOptimizedAnimals.ts(322,27): error TS2686: 'React' refers to a UMD global, but the current file is a module. Consider adding an import instead.
src/hooks/useOptimizedAnimals.ts(333,76): error TS2339: Property 'error' does not exist on type 'Query<unknown, Error, unknown, readonly unknown[]>'.
src/hooks/useOptimizedAnimals.ts(338,28): error TS2686: 'React' refers to a UMD global, but the current file is a module. Consider adding an import instead.
src/hooks/usePestDisease.ts(3,10): error TS6133: 'apiEndpoints' is declared but its value is never read.
src/hooks/usePWACapabilities.ts(93,24): error TS6133: 'setSyncManagers' is declared but its value is never read.
src/hooks/usePWACapabilities.ts(104,29): error TS2571: Object is of type 'unknown'.
src/hooks/usePWACapabilities.ts(105,27): error TS2571: Object is of type 'unknown'.
src/hooks/usePWACapabilities.ts(201,15): error TS18046: 'event' is of type 'unknown'.
src/hooks/usePWACapabilities.ts(202,19): error TS18046: 'event' is of type 'unknown'.
src/hooks/usePWACapabilities.ts(314,25): error TS6133: 'options' is declared but its value is never read.
src/hooks/usePWACapabilities.ts(322,29): error TS2571: Object is of type 'unknown'.
src/hooks/usePWACapabilities.ts(509,13): error TS6133: 'registration' is declared but its value is never read.
src/hooks/useRealtime.ts(167,11): error TS18046: 'data' is of type 'unknown'.
src/hooks/useRealtime.ts(185,11): error TS18046: 'data' is of type 'unknown'.
src/hooks/useResponsiveDesign.ts(52,3): error TS2375: Type '{ min: number; max: undefined; label: string; }' is not assignable to type '{ min: number; max?: number; label: string; }' with 'exactOptionalPropertyTypes: true'. Consider adding 'undefined' to the types of the target's properties.
  Types of property 'max' are incompatible.
    Type 'undefined' is not assignable to type 'number'.
src/hooks/useResponsiveDesign.ts(61,7): error TS6133: 'ORIENTATION_THRESHOLDS' is declared but its value is never read.
src/hooks/useResponsiveDesign.ts(171,28): error TS2571: Object is of type 'unknown'.
src/hooks/useResponsiveDesign.ts(209,28): error TS2571: Object is of type 'unknown'.
src/hooks/useResponsiveDesign.ts(226,25): error TS6133: 'orientation' is declared but its value is never read.
src/hooks/useResponsiveDesign.ts(226,38): error TS6133: 'isTouch' is declared but its value is never read.
src/hooks/useResponsiveDesign.ts(226,47): error TS6133: 'supportsHover' is declared but its value is never read.
src/hooks/useResponsiveDesign.ts(276,32): error TS18048: 'bp' is possibly 'undefined'.
src/hooks/useResponsiveDesign.ts(285,33): error TS18048: 'bp' is possibly 'undefined'.
src/hooks/useResponsiveDesign.ts(293,14): error TS2532: Object is possibly 'undefined'.
src/hooks/useResponsiveDesign.ts(301,19): error TS2532: Object is possibly 'undefined'.
src/hooks/useRotation.ts(3,10): error TS6133: 'apiEndpoints' is declared but its value is never read.
src/hooks/useSmartImportExport.ts(4,41): error TS6133: 'useMemo' is declared but its value is never read.
src/hooks/useSmartImportExport.ts(141,9): error TS6133: 'fileInputRef' is declared but its value is never read.
src/hooks/useSmartImportExport.ts(183,34): error TS2345: Argument of type 'string | undefined' is not assignable to parameter of type 'string'.
  Type 'undefined' is not assignable to type 'string'.
src/hooks/useSmartImportExport.ts(187,42): error TS2345: Argument of type 'string | undefined' is not assignable to parameter of type 'string'.
  Type 'undefined' is not assignable to type 'string'.
src/hooks/useSmartImportExport.ts(192,39): error TS2345: Argument of type 'string | undefined' is not assignable to parameter of type 'string'.
  Type 'undefined' is not assignable to type 'string'.
src/hooks/useSmartImportExport.ts(196,13): error TS18046: 'row' is of type 'unknown'.
src/hooks/useSmartImportExport.ts(293,27): error TS2345: Argument of type 'string | undefined' is not assignable to parameter of type 'string'.
  Type 'undefined' is not assignable to type 'string'.
src/hooks/useSmartImportExport.ts(294,28): error TS2345: Argument of type 'string | undefined' is not assignable to parameter of type 'string'.
  Type 'undefined' is not assignable to type 'string'.
src/hooks/useSmartImportExport.ts(295,26): error TS2345: Argument of type 'string | undefined' is not assignable to parameter of type 'string'.
  Type 'undefined' is not assignable to type 'string'.
src/hooks/useSmartImportExport.ts(298,28): error TS2345: Argument of type 'string | undefined' is not assignable to parameter of type 'string'.
  Type 'undefined' is not assignable to type 'string'.
src/hooks/useSmartImportExport.ts(299,26): error TS2345: Argument of type 'string | undefined' is not assignable to parameter of type 'string'.
  Type 'undefined' is not assignable to type 'string'.
src/hooks/useSmartImportExport.ts(300,27): error TS2345: Argument of type 'string | undefined' is not assignable to parameter of type 'string'.
  Type 'undefined' is not assignable to type 'string'.
src/hooks/useSmartImportExport.ts(318,31): error TS18046: 'row' is of type 'unknown'.
src/hooks/useSmartImportExport.ts(320,11): error TS18046: 'mappedRow' is of type 'unknown'.
src/hooks/useSmartImportExport.ts(338,41): error TS2769: No overload matches this call.
  Overload 1 of 2, '(o: {}): string[]', gave the following error.
    Argument of type 'unknown' is not assignable to parameter of type '{}'.
  Overload 2 of 2, '(o: object): string[]', gave the following error.
    Argument of type 'unknown' is not assignable to parameter of type 'object'.
src/hooks/useSmartImportExport.ts(370,28): error TS7030: Not all code paths return a value.
src/hooks/useSmartImportExport.ts(456,37): error TS2698: Spread types may only be created from object types.
src/hooks/useSmartImportExport.ts(459,34): error TS18046: 'item' is of type 'unknown'.
src/hooks/useSmartImportExport.ts(460,42): error TS18046: 'item' is of type 'unknown'.
src/hooks/useSmartImportExport.ts(467,19): error TS2322: Type '"import"' is not assignable to type '"delete" | "list" | "create" | "update"'.
src/hooks/useSmartImportExport.ts(479,61): error TS2339: Property 'autoFixesApplied' does not exist on type 'ValidationResult'.
src/hooks/useSmartImportExport.ts(537,24): error TS2538: Type 'undefined' cannot be used as an index type.
src/hooks/useSmartImportExport.ts(537,50): error TS2538: Type 'undefined' cannot be used as an index type.
src/hooks/useSmartImportExport.ts(616,40): error TS2698: Spread types may only be created from object types.
src/hooks/useSmartImportExport.ts(620,25): error TS2769: No overload matches this call.
  Overload 1 of 2, '(o: {}): string[]', gave the following error.
    Argument of type 'unknown' is not assignable to parameter of type '{}'.
  Overload 2 of 2, '(o: object): string[]', gave the following error.
    Argument of type 'unknown' is not assignable to parameter of type 'object'.
src/hooks/useSmartImportExport.ts(621,19): error TS18046: 'processed' is of type 'unknown'.
src/hooks/useSmartImportExport.ts(622,17): error TS18046: 'processed' is of type 'unknown'.
src/hooks/useSmartImportExport.ts(623,19): error TS18046: 'processed' is of type 'unknown'.
src/hooks/useSmartImportExport.ts(624,19): error TS2345: Argument of type 'string | undefined' is not assignable to parameter of type 'string'.
  Type 'undefined' is not assignable to type 'string'.
src/hooks/useSmartImportExport.ts(703,66): error TS2769: No overload matches this call.
  Overload 1 of 2, '(o: {}): string[]', gave the following error.
    Argument of type 'unknown' is not assignable to parameter of type '{}'.
  Overload 2 of 2, '(o: object): string[]', gave the following error.
    Argument of type 'unknown' is not assignable to parameter of type 'object'.
src/hooks/useSmartImportExport.ts(716,23): error TS18046: 'item' is of type 'unknown'.
src/hooks/useSmartImportExport.ts(781,37): error TS2769: No overload matches this call.
  Overload 1 of 2, '(o: {}): string[]', gave the following error.
    Argument of type 'unknown' is not assignable to parameter of type '{}'.
  Overload 2 of 2, '(o: object): string[]', gave the following error.
    Argument of type 'unknown' is not assignable to parameter of type 'object'.
src/hooks/useSmartImportExport.ts(785,9): error TS18046: 'count' is of type 'unknown'.
src/hooks/useSmartImportExport.ts(786,23): error TS2769: No overload matches this call.
  Overload 1 of 2, '(o: ArrayLike<unknown> | { [s: string]: unknown; }): unknown[]', gave the following error.
    Argument of type 'unknown' is not assignable to parameter of type 'ArrayLike<unknown> | { [s: string]: unknown; }'.
  Overload 2 of 2, '(o: {}): any[]', gave the following error.
    Argument of type 'unknown' is not assignable to parameter of type '{}'.
src/hooks/useSmartImportExport.ts(791,24): error TS18046: 'filledCells' is of type 'unknown'.
src/hooks/useSmartNotifications.ts(80,24): error TS18046: 'data' is of type 'unknown'.
src/hooks/useSmartNotifications.ts(80,41): error TS18046: 'data' is of type 'unknown'.
src/hooks/useSmartNotifications.ts(80,58): error TS18046: 'data' is of type 'unknown'.
src/hooks/useSmartNotifications.ts(84,19): error TS18046: 'context' is of type 'unknown'.
src/hooks/useSmartNotifications.ts(84,51): error TS18046: 'context' is of type 'unknown'.
src/hooks/useSmartNotifications.ts(89,32): error TS18046: 'context' is of type 'unknown'.
src/hooks/useSmartNotifications.ts(100,33): error TS18046: 'data' is of type 'unknown'.
src/hooks/useSmartNotifications.ts(100,63): error TS18046: 'data' is of type 'unknown'.
src/hooks/useSmartNotifications.ts(104,25): error TS18046: 'context' is of type 'unknown'.
src/hooks/useSmartNotifications.ts(109,28): error TS18046: 'context' is of type 'unknown'.
src/hooks/useSmartNotifications.ts(120,24): error TS18046: 'data' is of type 'unknown'.
src/hooks/useSmartNotifications.ts(124,19): error TS18046: 'context' is of type 'unknown'.
src/hooks/useSmartNotifications.ts(129,30): error TS18046: 'context' is of type 'unknown'.
src/hooks/useSmartNotifications.ts(140,24): error TS18046: 'data' is of type 'unknown'.
src/hooks/useSmartNotifications.ts(140,49): error TS18046: 'data' is of type 'unknown'.
src/hooks/useSmartNotifications.ts(144,40): error TS18046: 'context' is of type 'unknown'.
src/hooks/useSmartNotifications.ts(160,24): error TS18046: 'data' is of type 'unknown'.
src/hooks/useSmartNotifications.ts(160,51): error TS18046: 'data' is of type 'unknown'.
src/hooks/useSmartNotifications.ts(164,19): error TS18046: 'context' is of type 'unknown'.
src/hooks/useSmartNotifications.ts(164,64): error TS18046: 'context' is of type 'unknown'.
src/hooks/useSmartNotifications.ts(169,28): error TS18046: 'context' is of type 'unknown'.
src/hooks/useSoilHealth.ts(3,10): error TS6133: 'apiEndpoints' is declared but its value is never read.
src/hooks/useUnifiedCRUD.ts(72,6): error TS6196: 'UpdateItemData' is declared but never used.
src/hooks/useUnifiedCRUD.ts(73,6): error TS6196: 'BulkOperationData' is declared but never used.
src/hooks/useUnifiedCRUD.ts(129,12): error TS6133: 'key' is declared but its value is never read.
src/hooks/useUnifiedCRUD.ts(306,20): error TS6133: 'newItem' is declared but its value is never read.
src/lib/authStorage.ts(74,22): error TS4111: Property 'Authorization' comes from an index signature, so it must be accessed with ['Authorization'].
src/lib/cloudflare.ts(2,38): error TS4111: Property 'VITE_API_BASE_URL' comes from an index signature, so it must be accessed with ['VITE_API_BASE_URL'].
src/pages/Admin/AuditLogs.tsx(1,8): error TS6133: 'React' is declared but its value is never read.
src/pages/Admin/AuditLogs.tsx(32,15): error TS6133: 'body' is declared but its value is never read.
src/pages/AnimalDetailPage.tsx(21,11): error TS6196: 'Animal' is declared but never used.
src/pages/AnimalDetailPage.tsx(578,45): error TS6133: 'index' is declared but its value is never read.
src/pages/AnimalsPage.tsx(3,22): error TS6133: 'CreateAnimalForm' is declared but its value is never read.
src/pages/AnimalsPage.tsx(19,3): error TS6133: 'X' is declared but its value is never read.
src/pages/AnimalsPage.tsx(64,7): error TS6133: 'productionTypeOptions' is declared but its value is never read.
src/pages/AnimalsPage.tsx(92,11): error TS6133: 'user' is declared but its value is never read.
src/pages/AnimalsPage.tsx(110,5): error TS6133: 'isDeleting' is declared but its value is never read.
src/pages/CropsPage.tsx(13,3): error TS6133: 'Calendar' is declared but its value is never read.
src/pages/CropsPage.tsx(14,3): error TS6133: 'MapPin' is declared but its value is never read.
src/pages/CropsPage.tsx(16,3): error TS6133: 'TrendingUp' is declared but its value is never read.
src/pages/CropsPage.tsx(34,11): error TS6133: 'user' is declared but its value is never read.
src/pages/CropsPage.tsx(34,17): error TS6133: 'getAuthHeaders' is declared but its value is never read.
src/pages/CropsPage.tsx(56,5): error TS2322: Type 'string | undefined' is not assignable to type 'string'.
  Type 'undefined' is not assignable to type 'string'.
src/pages/CropsPage.tsx(65,5): error TS6133: 'createCrop' is declared but its value is never read.
src/pages/CropsPage.tsx(66,5): error TS6133: 'updateCrop' is declared but its value is never read.
src/pages/CropsPage.tsx(67,5): error TS6133: 'deleteCrop' is declared but its value is never read.
src/pages/CropsPage.tsx(117,13): error TS6133: 'created' is declared but its value is never read.
src/pages/CropsPage.tsx(126,9): error TS2322: Type 'string | undefined' is not assignable to type 'string'.
  Type 'undefined' is not assignable to type 'string'.
src/pages/FarmsPage.tsx(2,20): error TS6133: 'useEffect' is declared but its value is never read.
src/pages/FarmsPage.tsx(5,43): error TS6133: 'Calendar' is declared but its value is never read.
src/pages/FarmsPage.tsx(196,9): error TS6133: 'totalFields' is declared but its value is never read.
src/pages/FieldsPage.tsx(31,38): error TS2322: Type 'T | undefined' is not assignable to type 'T'.
  'T' could be instantiated with an arbitrary type which could be unrelated to 'T | undefined'.
src/pages/FieldsPage.tsx(51,7): error TS2322: Type 'Farm[] | undefined' is not assignable to type 'Farm[]'.
  Type 'undefined' is not assignable to type 'Farm[]'.
src/pages/FieldsPage.tsx(139,36): error TS2322: Type 'string' is not assignable to type 'number'.
src/pages/FieldsPage.tsx(453,46): error TS2345: Argument of type 'string' is not assignable to parameter of type 'SetStateAction<number | null>'.
src/pages/FieldsPage.tsx(466,47): error TS2345: Argument of type 'string' is not assignable to parameter of type 'number'.
src/pages/FieldsPage.tsx(633,67): error TS2345: Argument of type '() => { farm_id: string | number; name: string; area_hectares: number | undefined; crop_type: string; notes: string; soil_type: string; field_capacity: number | undefined; current_cover_crop: string; ... 4 more ...; maintenance_schedule: string; }' is not assignable to parameter of type 'FieldFormDataInternal | (() => FieldFormDataInternal)'.
  Type '() => { farm_id: string | number; name: string; area_hectares: number | undefined; crop_type: string; notes: string; soil_type: string; field_capacity: number | undefined; current_cover_crop: string; ... 4 more ...; maintenance_schedule: string; }' is not assignable to type '() => FieldFormDataInternal'.
    Call signature return types '{ farm_id: string | number; name: string; area_hectares: number | undefined; crop_type: string; notes: string; soil_type: string; field_capacity: number | undefined; current_cover_crop: string; ... 4 more ...; maintenance_schedule: string; }' and 'FieldFormDataInternal' are incompatible.
      The types of 'farm_id' are incompatible between these types.
        Type 'string | number' is not assignable to type 'number'.
          Type 'string' is not assignable to type 'number'.
src/pages/FieldsPage.tsx(735,25): error TS2345: Argument of type 'number | undefined' is not assignable to parameter of type 'string | number | null'.
  Type 'undefined' is not assignable to type 'string | number | null'.
src/pages/FieldsPage.tsx(826,25): error TS2345: Argument of type 'number | undefined' is not assignable to parameter of type 'string | number | null'.
  Type 'undefined' is not assignable to type 'string | number | null'.
src/pages/FieldsPage.tsx(864,25): error TS2345: Argument of type 'number | undefined' is not assignable to parameter of type 'string | number | null'.
  Type 'undefined' is not assignable to type 'string | number | null'.
src/pages/FinancePage.tsx(9,3): error TS6133: 'Filter' is declared but its value is never read.
src/pages/FinancePage.tsx(10,3): error TS6133: 'Calendar' is declared but its value is never read.
src/pages/FinancePage.tsx(14,3): error TS6133: 'CreditCard' is declared but its value is never read.
src/pages/FinancePage.tsx(15,3): error TS6133: 'Banknote' is declared but its value is never read.
src/pages/FinancePage.tsx(18,3): error TS6133: 'AlertCircle' is declared but its value is never read.
src/pages/FinancePage.tsx(19,3): error TS6133: 'CheckCircle' is declared but its value is never read.
src/pages/FinancePage.tsx(73,11): error TS6196: 'FinancialReport' is declared but never used.
src/pages/FinancePage.tsx(118,24): error TS6133: 'setSelectedFarm' is declared but its value is never read.
src/pages/FinancePage.tsx(121,10): error TS6133: 'selectedEntry' is declared but its value is never read.
src/pages/FinancePage.tsx(122,10): error TS6133: 'showCreateBudget' is declared but its value is never read.
src/pages/FinancePage.tsx(345,9): error TS6133: 'totalInvestments' is declared but its value is never read.
src/pages/FinancePage.tsx(411,44): error TS2345: Argument of type 'unknown' is not assignable to parameter of type 'SetStateAction<"entries" | "analytics" | "overview" | "budgets" | "reports">'.
src/pages/FinancePage.tsx(1089,42): error TS2339: Property 'id' does not exist on type '{}'.
src/pages/FinancePage.tsx(1090,5): error TS2322: Type 'string | undefined' is not assignable to type 'string'.
  Type 'undefined' is not assignable to type 'string'.
src/pages/FinancePage.tsx(1133,34): error TS18046: 'farm' is of type 'unknown'.
src/pages/FinancePage.tsx(1133,50): error TS18046: 'farm' is of type 'unknown'.
src/pages/FinancePage.tsx(1134,24): error TS18046: 'farm' is of type 'unknown'.
src/pages/FinancePage.tsx(1155,61): error TS2322: Type 'unknown' is not assignable to type '"income" | "expense" | "investment"'.
src/pages/ForgotPasswordPage.tsx(9,9): error TS6133: 'navigate' is declared but its value is never read.
src/pages/InventoryPage.tsx(1,20): error TS6133: 'useMutation' is declared but its value is never read.
src/pages/InventoryPage.tsx(10,3): error TS6133: 'TrendingUp' is declared but its value is never read.
src/pages/InventoryPage.tsx(11,3): error TS6133: 'Users' is declared but its value is never read.
src/pages/InventoryPage.tsx(14,3): error TS6133: 'Filter' is declared but its value is never read.
src/pages/InventoryPage.tsx(17,3): error TS6133: 'Calendar' is declared but its value is never read.
src/pages/InventoryPage.tsx(24,3): error TS6133: 'Trash2' is declared but its value is never read.
src/pages/InventoryPage.tsx(129,11): error TS6133: 'getAuthHeaders' is declared but its value is never read.
src/pages/InventoryPage.tsx(140,10): error TS6133: 'selectedAlert' is declared but its value is never read.
src/pages/InventoryPage.tsx(143,52): error TS6133: 'refetch' is declared but its value is never read.
src/pages/InventoryPage.tsx(169,29): error TS2379: Argument of type 'InventoryFormData' is not assignable to parameter of type 'CreateInventoryForm' with 'exactOptionalPropertyTypes: true'. Consider adding 'undefined' to the types of the target's properties.
  Property 'category' is optional in type 'InventoryFormData' but required in type 'CreateInventoryForm'.
src/pages/InventoryPage.tsx(302,44): error TS2345: Argument of type 'unknown' is not assignable to parameter of type 'SetStateAction<"items" | "analytics" | "overview" | "alerts" | "suppliers">'.
src/pages/InventoryPage.tsx(457,57): error TS2345: Argument of type 'InventoryItem' is not assignable to parameter of type 'SetStateAction<InventoryItem | null>'.
  Property 'farm_name' is missing in type 'import("C:/Users/MunyaradziGangayi/Documents/Coder/Retry/frontend/src/types/entities").InventoryItem' but required in type 'InventoryItem'.
src/pages/InventoryPage.tsx(593,61): error TS2345: Argument of type 'InventoryItem' is not assignable to parameter of type 'SetStateAction<InventoryItem | null>'.
  Property 'farm_name' is missing in type 'import("C:/Users/MunyaradziGangayi/Documents/Coder/Retry/frontend/src/types/entities").InventoryItem' but required in type 'InventoryItem'.
src/pages/InventoryPage.tsx(866,20): error TS2304: Cannot find name 'farms'.
src/pages/InventoryPage.tsx(873,24): error TS2304: Cannot find name 'createItemMutation'.
src/pages/InventoryPage.tsx(873,56): error TS2304: Cannot find name 'updateItemMutation'.
src/pages/InventoryPage.tsx(898,63): error TS2345: Argument of type '{ farm_id: any; name: string; sku: string; qty: number; unit: string; reorder_threshold: number; category: string; supplier_info: string; storage_requirements: string; expiration_date: string; ... 4 more ...; preferred_supplier_id: number | undefined; }' is not assignable to parameter of type 'InventoryFormData | (() => InventoryFormData)'.
  Type '{ farm_id: any; name: string; sku: string; qty: number; unit: string; reorder_threshold: number; category: string; supplier_info: string; storage_requirements: string; expiration_date: string; ... 4 more ...; preferred_supplier_id: number | undefined; }' is not assignable to type 'InventoryFormData' with 'exactOptionalPropertyTypes: true'. Consider adding 'undefined' to the types of the target's properties.
    Types of property 'minimum_order_quantity' are incompatible.
      Type 'number | undefined' is not assignable to type 'number'.
        Type 'undefined' is not assignable to type 'number'.
src/pages/InventoryPage.tsx(899,41): error TS2339: Property 'id' does not exist on type '{}'.
src/pages/InventoryPage.tsx(940,34): error TS18046: 'farm' is of type 'unknown'.
src/pages/InventoryPage.tsx(940,50): error TS18046: 'farm' is of type 'unknown'.
src/pages/InventoryPage.tsx(941,24): error TS18046: 'farm' is of type 'unknown'.
src/pages/InventoryPage.tsx(1034,33): error TS2345: Argument of type '{ current_cost_per_unit: number | undefined; farm_id: number; name: string; sku?: string; qty: number; unit: string; reorder_threshold: number; category?: string; supplier_info?: string; ... 5 more ...; preferred_supplier_id?: number; }' is not assignable to parameter of type 'SetStateAction<InventoryFormData>'.
  Type '{ current_cost_per_unit: number | undefined; farm_id: number; name: string; sku?: string; qty: number; unit: string; reorder_threshold: number; category?: string; supplier_info?: string; ... 5 more ...; preferred_supplier_id?: number; }' is not assignable to type 'InventoryFormData' with 'exactOptionalPropertyTypes: true'. Consider adding 'undefined' to the types of the target's properties.
    Types of property 'current_cost_per_unit' are incompatible.
      Type 'number | undefined' is not assignable to type 'number'.
        Type 'undefined' is not assignable to type 'number'.
src/pages/InventoryPage.tsx(1068,33): error TS2345: Argument of type '{ preferred_supplier_id: number | undefined; farm_id: number; name: string; sku?: string; qty: number; unit: string; reorder_threshold: number; category?: string; supplier_info?: string; ... 5 more ...; current_cost_per_unit?: number; }' is not assignable to parameter of type 'SetStateAction<InventoryFormData>'.
  Type '{ preferred_supplier_id: number | undefined; farm_id: number; name: string; sku?: string; qty: number; unit: string; reorder_threshold: number; category?: string; supplier_info?: string; ... 5 more ...; current_cost_per_unit?: number; }' is not assignable to type 'InventoryFormData' with 'exactOptionalPropertyTypes: true'. Consider adding 'undefined' to the types of the target's properties.
    Types of property 'preferred_supplier_id' are incompatible.
      Type 'number | undefined' is not assignable to type 'number'.
        Type 'undefined' is not assignable to type 'number'.
src/pages/LocationsPage.tsx(437,62): error TS2345: Argument of type '{ name: string; type: "barn" | "pasture" | "field" | "stable" | "corral" | "other"; description: string; capacity: number | undefined; coordinates: { latitude: number; longitude: number; } | undefined; }' is not assignable to parameter of type 'LocationFormData | (() => LocationFormData)'.
  Type '{ name: string; type: "barn" | "pasture" | "field" | "stable" | "corral" | "other"; description: string; capacity: number | undefined; coordinates: { latitude: number; longitude: number; } | undefined; }' is not assignable to type 'LocationFormData' with 'exactOptionalPropertyTypes: true'. Consider adding 'undefined' to the types of the target's properties.
    Types of property 'capacity' are incompatible.
      Type 'number | undefined' is not assignable to type 'number'.
        Type 'undefined' is not assignable to type 'number'.
src/pages/LocationsPage.tsx(524,31): error TS2345: Argument of type '(prev: LocationFormData) => { capacity: number | undefined; name: string; type: "barn" | "pasture" | "field" | "stable" | "corral" | "other"; description?: string; coordinates?: { ...; }; }' is not assignable to parameter of type 'SetStateAction<LocationFormData>'.
  Type '(prev: LocationFormData) => { capacity: number | undefined; name: string; type: "barn" | "pasture" | "field" | "stable" | "corral" | "other"; description?: string; coordinates?: { ...; }; }' is not assignable to type '(prevState: LocationFormData) => LocationFormData'.
    Call signature return types '{ capacity: number | undefined; name: string; type: "barn" | "pasture" | "field" | "stable" | "corral" | "other"; description?: string; coordinates?: { latitude: number; longitude: number; }; }' and 'LocationFormData' are incompatible.
      The types of 'capacity' are incompatible between these types.
        Type 'number | undefined' is not assignable to type 'number'.
          Type 'undefined' is not assignable to type 'number'.
src/routes/forgot-password.tsx(4,38): error TS2345: Argument of type '"/forgot-password"' is not assignable to parameter of type 'undefined'.
src/utils/errorHandling.ts(201,5): error TS2412: Type 'string | undefined' is not assignable to type 'string' with 'exactOptionalPropertyTypes: true'. Consider adding 'undefined' to the type of the target.
  Type 'undefined' is not assignable to type 'string'.
